This is pdfTeX, Version 3.14159265-2.6-1.40.19 (MiKTeX 2.9.6930 64-bit) (preloaded format=pdflatex 2019.1.13)  15 JAN 2019 11:13
entering extended mode
**./main.tex
(main.tex
LaTeX2e <2018-12-01>
("C:\Users\David\AppData\Local\Programs\MiKTeX 2.9\tex/latex/base\report.cls"
Document Class: report 2018/09/03 v1.4i Standard LaTeX document class
("C:\Users\David\AppData\Local\Programs\MiKTeX 2.9\tex/latex/base\size12.clo"
File: size12.clo 2018/09/03 v1.4i Standard LaTeX file (size option)
)
\c@part=\count80
\c@chapter=\count81
\c@section=\count82
\c@subsection=\count83
\c@subsubsection=\count84
\c@paragraph=\count85
\c@subparagraph=\count86
\c@figure=\count87
\c@table=\count88
\abovecaptionskip=\skip41
\belowcaptionskip=\skip42
\bibindent=\dimen102
) ("C:\Users\David\AppData\Local\Programs\MiKTeX 2.9\tex/latex/base\inputenc.st
y"
Package: inputenc 2018/08/11 v1.3c Input encoding file
\inpenc@prehook=\toks14
\inpenc@posthook=\toks15
)
("C:\Users\David\AppData\Local\Programs\MiKTeX 2.9\tex/latex/graphics\graphicx.
sty"
Package: graphicx 2017/06/01 v1.1a Enhanced LaTeX Graphics (DPC,SPQR)

("C:\Users\David\AppData\Local\Programs\MiKTeX 2.9\tex/latex/graphics\keyval.st
y"
Package: keyval 2014/10/28 v1.15 key=value parser (DPC)
\KV@toks@=\toks16
)
("C:\Users\David\AppData\Local\Programs\MiKTeX 2.9\tex/latex/graphics\graphics.
sty"
Package: graphics 2017/06/25 v1.2c Standard LaTeX Graphics (DPC,SPQR)

("C:\Users\David\AppData\Local\Programs\MiKTeX 2.9\tex/latex/graphics\trig.sty"
Package: trig 2016/01/03 v1.10 sin cos tan (DPC)
)
("C:\Users\David\AppData\Local\Programs\MiKTeX 2.9\tex/latex/graphics-cfg\graph
ics.cfg"
File: graphics.cfg 2016/06/04 v1.11 sample graphics configuration
)
Package graphics Info: Driver file: pdftex.def on input line 99.

("C:\Users\David\AppData\Local\Programs\MiKTeX 2.9\tex/latex/graphics-def\pdfte
x.def"
File: pdftex.def 2018/01/08 v1.0l Graphics/color driver for pdftex
))
\Gin@req@height=\dimen103
\Gin@req@width=\dimen104
)
("C:\Users\David\AppData\Local\Programs\MiKTeX 2.9\tex/latex/geometry\geometry.
sty"
Package: geometry 2018/04/16 v5.8 Page Geometry

("C:\Users\David\AppData\Local\Programs\MiKTeX 2.9\tex/generic/oberdiek\ifpdf.s
ty"
Package: ifpdf 2018/09/07 v3.3 Provides the ifpdf switch
)
("C:\Users\David\AppData\Local\Programs\MiKTeX 2.9\tex/generic/oberdiek\ifvtex.
sty"
Package: ifvtex 2016/05/16 v1.6 Detect VTeX and its facilities (HO)
Package ifvtex Info: VTeX not detected.
)
("C:\Users\David\AppData\Local\Programs\MiKTeX 2.9\tex/generic/ifxetex\ifxetex.
sty"
Package: ifxetex 2010/09/12 v0.6 Provides ifxetex conditional
)
\Gm@cnth=\count89
\Gm@cntv=\count90
\c@Gm@tempcnt=\count91
\Gm@bindingoffset=\dimen105
\Gm@wd@mp=\dimen106
\Gm@odd@mp=\dimen107
\Gm@even@mp=\dimen108
\Gm@layoutwidth=\dimen109
\Gm@layoutheight=\dimen110
\Gm@layouthoffset=\dimen111
\Gm@layoutvoffset=\dimen112
\Gm@dimlist=\toks17

("C:\Users\David\AppData\Local\Programs\MiKTeX 2.9\tex/latex/geometry\geometry.
cfg"))
("C:\Users\David\AppData\Local\Programs\MiKTeX 2.9\tex/latex/fancyhdr\fancyhdr.
sty"
Package: fancyhdr 2017/06/30 v3.9a Extensive control of page headers and footer
s
\f@nch@headwidth=\skip43
\f@nch@O@elh=\skip44
\f@nch@O@erh=\skip45
\f@nch@O@olh=\skip46
\f@nch@O@orh=\skip47
\f@nch@O@elf=\skip48
\f@nch@O@erf=\skip49
\f@nch@O@olf=\skip50
\f@nch@O@orf=\skip51
)
("C:\Users\David\AppData\Local\Programs\MiKTeX 2.9\tex/latex/caption\caption.st
y"
Package: caption 2018/10/06 v3.3-154 Customizing captions (AR)

("C:\Users\David\AppData\Local\Programs\MiKTeX 2.9\tex/latex/caption\caption3.s
ty"
Package: caption3 2018/09/12 v1.8c caption3 kernel (AR)
Package caption3 Info: TeX engine: e-TeX on input line 64.
\captionmargin=\dimen113
\captionmargin@=\dimen114
\captionwidth=\dimen115
\caption@tempdima=\dimen116
\caption@indent=\dimen117
\caption@parindent=\dimen118
\caption@hangindent=\dimen119
)
\c@caption@flags=\count92
\c@ContinuedFloat=\count93
)
("C:\Users\David\AppData\Local\Programs\MiKTeX 2.9\tex/latex/caption\subcaption
.sty"
Package: subcaption 2018/05/01 v1.1-162 Sub-captions (AR)
\c@subfigure=\count94
\c@subtable=\count95
)
("C:\Users\David\AppData\Local\Programs\MiKTeX 2.9\tex/latex/setspace\setspace.
sty"
Package: setspace 2011/12/19 v6.7a set line spacing
)
("C:\Users\David\AppData\Local\Programs\MiKTeX 2.9\tex/latex/amsmath\amsmath.st
y"
Package: amsmath 2018/12/01 v2.17b AMS math features
\@mathmargin=\skip52

For additional information on amsmath, use the `?' option.

("C:\Users\David\AppData\Local\Programs\MiKTeX 2.9\tex/latex/amsmath\amstext.st
y"
Package: amstext 2000/06/29 v2.01 AMS text

("C:\Users\David\AppData\Local\Programs\MiKTeX 2.9\tex/latex/amsmath\amsgen.sty
"
File: amsgen.sty 1999/11/30 v2.0 generic functions
\@emptytoks=\toks18
\ex@=\dimen120
))
("C:\Users\David\AppData\Local\Programs\MiKTeX 2.9\tex/latex/amsmath\amsbsy.sty
"
Package: amsbsy 1999/11/29 v1.2d Bold Symbols
\pmbraise@=\dimen121
)
("C:\Users\David\AppData\Local\Programs\MiKTeX 2.9\tex/latex/amsmath\amsopn.sty
"
Package: amsopn 2016/03/08 v2.02 operator names
)
\inf@bad=\count96
LaTeX Info: Redefining \frac on input line 223.
\uproot@=\count97
\leftroot@=\count98
LaTeX Info: Redefining \overline on input line 385.
\classnum@=\count99
\DOTSCASE@=\count100
LaTeX Info: Redefining \ldots on input line 482.
LaTeX Info: Redefining \dots on input line 485.
LaTeX Info: Redefining \cdots on input line 606.
\Mathstrutbox@=\box27
\strutbox@=\box28
\big@size=\dimen122
LaTeX Font Info:    Redeclaring font encoding OML on input line 729.
LaTeX Font Info:    Redeclaring font encoding OMS on input line 730.
\macc@depth=\count101
\c@MaxMatrixCols=\count102
\dotsspace@=\muskip10
\c@parentequation=\count103
\dspbrk@lvl=\count104
\tag@help=\toks19
\row@=\count105
\column@=\count106
\maxfields@=\count107
\andhelp@=\toks20
\eqnshift@=\dimen123
\alignsep@=\dimen124
\tagshift@=\dimen125
\tagwidth@=\dimen126
\totwidth@=\dimen127
\lineht@=\dimen128
\@envbody=\toks21
\multlinegap=\skip53
\multlinetaggap=\skip54
\mathdisplay@stack=\toks22
LaTeX Info: Redefining \[ on input line 2844.
LaTeX Info: Redefining \] on input line 2845.
) ("C:\Users\David\AppData\Local\Programs\MiKTeX 2.9\tex/latex/esint\esint.sty"
Package: esint 
\symlargesymbolsA=\mathgroup4
)
("C:\Users\David\AppData\Local\Programs\MiKTeX 2.9\tex/latex/bezos\accents.sty"
Package: accents 2006/05/12 v1.3 Math Accent Tools
\cc@skew=\dimen129
\cc@wd=\dimen130
\cc@code=\count108
\cc@group=\count109
\cc@skewchar=\count110
) ("C:\Users\David\AppData\Local\Programs\MiKTeX 2.9\tex/latex/tools\bm.sty"
Package: bm 2017/01/16 v1.2c Bold Symbol Support (DPC/FMi)
\symboldoperators=\mathgroup5
\symboldletters=\mathgroup6
\symboldsymbols=\mathgroup7
LaTeX Font Info:    Redeclaring math alphabet \mathbf on input line 141.
LaTeX Info: Redefining \bm on input line 207.
)
("C:\Users\David\AppData\Local\Programs\MiKTeX 2.9\tex/latex/base\textcomp.sty"
Package: textcomp 2018/08/11 v2.0j Standard LaTeX package
Package textcomp Info: Sub-encoding information:
(textcomp)               5 = only ISO-Adobe without \textcurrency
(textcomp)               4 = 5 + \texteuro
(textcomp)               3 = 4 + \textohm
(textcomp)               2 = 3 + \textestimated + \textcurrency
(textcomp)               1 = TS1 - \textcircled - \t
(textcomp)               0 = TS1 (full)
(textcomp)             Font families with sub-encoding setting implement
(textcomp)             only a restricted character set as indicated.
(textcomp)             Family '?' is the default used for unknown fonts.
(textcomp)             See the documentation for details.
Package textcomp Info: Setting ? sub-encoding to TS1/1 on input line 79.
("C:\Users\David\AppData\Local\Programs\MiKTeX 2.9\tex/latex/base\ts1enc.def"
File: ts1enc.def 2001/06/05 v3.0e (jk/car/fm) Standard LaTeX file
Now handling font encoding TS1 ...
... processing UTF-8 mapping file for font encoding TS1

("C:\Users\David\AppData\Local\Programs\MiKTeX 2.9\tex/latex/base\ts1enc.dfu"
File: ts1enc.dfu 2018/10/05 v1.2f UTF-8 support for inputenc
   defining Unicode char U+00A2 (decimal 162)
   defining Unicode char U+00A3 (decimal 163)
   defining Unicode char U+00A4 (decimal 164)
   defining Unicode char U+00A5 (decimal 165)
   defining Unicode char U+00A6 (decimal 166)
   defining Unicode char U+00A7 (decimal 167)
   defining Unicode char U+00A8 (decimal 168)
   defining Unicode char U+00A9 (decimal 169)
   defining Unicode char U+00AA (decimal 170)
   defining Unicode char U+00AC (decimal 172)
   defining Unicode char U+00AE (decimal 174)
   defining Unicode char U+00AF (decimal 175)
   defining Unicode char U+00B0 (decimal 176)
   defining Unicode char U+00B1 (decimal 177)
   defining Unicode char U+00B2 (decimal 178)
   defining Unicode char U+00B3 (decimal 179)
   defining Unicode char U+00B4 (decimal 180)
   defining Unicode char U+00B5 (decimal 181)
   defining Unicode char U+00B6 (decimal 182)
   defining Unicode char U+00B7 (decimal 183)
   defining Unicode char U+00B9 (decimal 185)
   defining Unicode char U+00BA (decimal 186)
   defining Unicode char U+00BC (decimal 188)
   defining Unicode char U+00BD (decimal 189)
   defining Unicode char U+00BE (decimal 190)
   defining Unicode char U+00D7 (decimal 215)
   defining Unicode char U+00F7 (decimal 247)
   defining Unicode char U+0192 (decimal 402)
   defining Unicode char U+02C7 (decimal 711)
   defining Unicode char U+02D8 (decimal 728)
   defining Unicode char U+02DD (decimal 733)
   defining Unicode char U+0E3F (decimal 3647)
   defining Unicode char U+2016 (decimal 8214)
   defining Unicode char U+2020 (decimal 8224)
   defining Unicode char U+2021 (decimal 8225)
   defining Unicode char U+2022 (decimal 8226)
   defining Unicode char U+2030 (decimal 8240)
   defining Unicode char U+2031 (decimal 8241)
   defining Unicode char U+203B (decimal 8251)
   defining Unicode char U+203D (decimal 8253)
   defining Unicode char U+2044 (decimal 8260)
   defining Unicode char U+204E (decimal 8270)
   defining Unicode char U+2052 (decimal 8274)
   defining Unicode char U+20A1 (decimal 8353)
   defining Unicode char U+20A4 (decimal 8356)
   defining Unicode char U+20A6 (decimal 8358)
   defining Unicode char U+20A9 (decimal 8361)
   defining Unicode char U+20AB (decimal 8363)
   defining Unicode char U+20AC (decimal 8364)
   defining Unicode char U+20B1 (decimal 8369)
   defining Unicode char U+2103 (decimal 8451)
   defining Unicode char U+2116 (decimal 8470)
   defining Unicode char U+2117 (decimal 8471)
   defining Unicode char U+211E (decimal 8478)
   defining Unicode char U+2120 (decimal 8480)
   defining Unicode char U+2122 (decimal 8482)
   defining Unicode char U+2126 (decimal 8486)
   defining Unicode char U+2127 (decimal 8487)
   defining Unicode char U+212E (decimal 8494)
   defining Unicode char U+2190 (decimal 8592)
   defining Unicode char U+2191 (decimal 8593)
   defining Unicode char U+2192 (decimal 8594)
   defining Unicode char U+2193 (decimal 8595)
   defining Unicode char U+2329 (decimal 9001)
   defining Unicode char U+232A (decimal 9002)
   defining Unicode char U+2422 (decimal 9250)
   defining Unicode char U+25E6 (decimal 9702)
   defining Unicode char U+25EF (decimal 9711)
   defining Unicode char U+266A (decimal 9834)
   defining Unicode char U+FEFF (decimal 65279)
))
LaTeX Info: Redefining \oldstylenums on input line 334.
Package textcomp Info: Setting cmr sub-encoding to TS1/0 on input line 349.
Package textcomp Info: Setting cmss sub-encoding to TS1/0 on input line 350.
Package textcomp Info: Setting cmtt sub-encoding to TS1/0 on input line 351.
Package textcomp Info: Setting cmvtt sub-encoding to TS1/0 on input line 352.
Package textcomp Info: Setting cmbr sub-encoding to TS1/0 on input line 353.
Package textcomp Info: Setting cmtl sub-encoding to TS1/0 on input line 354.
Package textcomp Info: Setting ccr sub-encoding to TS1/0 on input line 355.
Package textcomp Info: Setting ptm sub-encoding to TS1/4 on input line 356.
Package textcomp Info: Setting pcr sub-encoding to TS1/4 on input line 357.
Package textcomp Info: Setting phv sub-encoding to TS1/4 on input line 358.
Package textcomp Info: Setting ppl sub-encoding to TS1/3 on input line 359.
Package textcomp Info: Setting pag sub-encoding to TS1/4 on input line 360.
Package textcomp Info: Setting pbk sub-encoding to TS1/4 on input line 361.
Package textcomp Info: Setting pnc sub-encoding to TS1/4 on input line 362.
Package textcomp Info: Setting pzc sub-encoding to TS1/4 on input line 363.
Package textcomp Info: Setting bch sub-encoding to TS1/4 on input line 364.
Package textcomp Info: Setting put sub-encoding to TS1/5 on input line 365.
Package textcomp Info: Setting uag sub-encoding to TS1/5 on input line 366.
Package textcomp Info: Setting ugq sub-encoding to TS1/5 on input line 367.
Package textcomp Info: Setting ul8 sub-encoding to TS1/4 on input line 368.
Package textcomp Info: Setting ul9 sub-encoding to TS1/4 on input line 369.
Package textcomp Info: Setting augie sub-encoding to TS1/5 on input line 370.
Package textcomp Info: Setting dayrom sub-encoding to TS1/3 on input line 371.
Package textcomp Info: Setting dayroms sub-encoding to TS1/3 on input line 372.

Package textcomp Info: Setting pxr sub-encoding to TS1/0 on input line 373.
Package textcomp Info: Setting pxss sub-encoding to TS1/0 on input line 374.
Package textcomp Info: Setting pxtt sub-encoding to TS1/0 on input line 375.
Package textcomp Info: Setting txr sub-encoding to TS1/0 on input line 376.
Package textcomp Info: Setting txss sub-encoding to TS1/0 on input line 377.
Package textcomp Info: Setting txtt sub-encoding to TS1/0 on input line 378.
Package textcomp Info: Setting lmr sub-encoding to TS1/0 on input line 379.
Package textcomp Info: Setting lmdh sub-encoding to TS1/0 on input line 380.
Package textcomp Info: Setting lmss sub-encoding to TS1/0 on input line 381.
Package textcomp Info: Setting lmssq sub-encoding to TS1/0 on input line 382.
Package textcomp Info: Setting lmvtt sub-encoding to TS1/0 on input line 383.
Package textcomp Info: Setting lmtt sub-encoding to TS1/0 on input line 384.
Package textcomp Info: Setting qhv sub-encoding to TS1/0 on input line 385.
Package textcomp Info: Setting qag sub-encoding to TS1/0 on input line 386.
Package textcomp Info: Setting qbk sub-encoding to TS1/0 on input line 387.
Package textcomp Info: Setting qcr sub-encoding to TS1/0 on input line 388.
Package textcomp Info: Setting qcs sub-encoding to TS1/0 on input line 389.
Package textcomp Info: Setting qpl sub-encoding to TS1/0 on input line 390.
Package textcomp Info: Setting qtm sub-encoding to TS1/0 on input line 391.
Package textcomp Info: Setting qzc sub-encoding to TS1/0 on input line 392.
Package textcomp Info: Setting qhvc sub-encoding to TS1/0 on input line 393.
Package textcomp Info: Setting futs sub-encoding to TS1/4 on input line 394.
Package textcomp Info: Setting futx sub-encoding to TS1/4 on input line 395.
Package textcomp Info: Setting futj sub-encoding to TS1/4 on input line 396.
Package textcomp Info: Setting hlh sub-encoding to TS1/3 on input line 397.
Package textcomp Info: Setting hls sub-encoding to TS1/3 on input line 398.
Package textcomp Info: Setting hlst sub-encoding to TS1/3 on input line 399.
Package textcomp Info: Setting hlct sub-encoding to TS1/5 on input line 400.
Package textcomp Info: Setting hlx sub-encoding to TS1/5 on input line 401.
Package textcomp Info: Setting hlce sub-encoding to TS1/5 on input line 402.
Package textcomp Info: Setting hlcn sub-encoding to TS1/5 on input line 403.
Package textcomp Info: Setting hlcw sub-encoding to TS1/5 on input line 404.
Package textcomp Info: Setting hlcf sub-encoding to TS1/5 on input line 405.
Package textcomp Info: Setting pplx sub-encoding to TS1/3 on input line 406.
Package textcomp Info: Setting pplj sub-encoding to TS1/3 on input line 407.
Package textcomp Info: Setting ptmx sub-encoding to TS1/4 on input line 408.
Package textcomp Info: Setting ptmj sub-encoding to TS1/4 on input line 409.
)
("C:\Users\David\AppData\Local\Programs\MiKTeX 2.9\tex/latex/mathtools\mathtool
s.sty"
Package: mathtools 2018/01/08 v1.21 mathematical typesetting tools

("C:\Users\David\AppData\Local\Programs\MiKTeX 2.9\tex/latex/tools\calc.sty"
Package: calc 2017/05/25 v4.3 Infix arithmetic (KKT,FJ)
\calc@Acount=\count111
\calc@Bcount=\count112
\calc@Adimen=\dimen131
\calc@Bdimen=\dimen132
\calc@Askip=\skip55
\calc@Bskip=\skip56
LaTeX Info: Redefining \setlength on input line 80.
LaTeX Info: Redefining \addtolength on input line 81.
\calc@Ccount=\count113
\calc@Cskip=\skip57
)
("C:\Users\David\AppData\Local\Programs\MiKTeX 2.9\tex/latex/mathtools\mhsetup.
sty"
Package: mhsetup 2017/03/31 v1.3 programming setup (MH)
)
LaTeX Info: Thecontrolsequence`\('isalreadyrobust on input line 129.
LaTeX Info: Thecontrolsequence`\)'isalreadyrobust on input line 129.
LaTeX Info: Thecontrolsequence`\['isalreadyrobust on input line 129.
LaTeX Info: Thecontrolsequence`\]'isalreadyrobust on input line 129.
\g_MT_multlinerow_int=\count114
\l_MT_multwidth_dim=\dimen133
\origjot=\skip58
\l_MT_shortvdotswithinadjustabove_dim=\dimen134
\l_MT_shortvdotswithinadjustbelow_dim=\dimen135
\l_MT_above_intertext_sep=\dimen136
\l_MT_below_intertext_sep=\dimen137
\l_MT_above_shortintertext_sep=\dimen138
\l_MT_below_shortintertext_sep=\dimen139
)
("C:\Users\David\AppData\Local\Programs\MiKTeX 2.9\tex/latex/siunitx\siunitx.st
y"
("C:\Users\David\AppData\Local\Programs\MiKTeX 2.9\tex/latex/l3kernel\expl3.sty
"
Package: expl3 2019-01-01 L3 programming layer (loader) 

("C:\Users\David\AppData\Local\Programs\MiKTeX 2.9\tex/latex/l3kernel\expl3-cod
e.tex"
Package: expl3 2019-01-01 L3 programming layer (code)
\c_max_int=\count115
\l_tmpa_int=\count116
\l_tmpb_int=\count117
\g_tmpa_int=\count118
\g_tmpb_int=\count119
\g__kernel_prg_map_int=\count120
\c_log_iow=\count121
\l_iow_line_count_int=\count122
\l__iow_line_target_int=\count123
\l__iow_one_indent_int=\count124
\l__iow_indent_int=\count125
\c_zero_dim=\dimen140
\c_max_dim=\dimen141
\l_tmpa_dim=\dimen142
\l_tmpb_dim=\dimen143
\g_tmpa_dim=\dimen144
\g_tmpb_dim=\dimen145
\c_zero_skip=\skip59
\c_max_skip=\skip60
\l_tmpa_skip=\skip61
\l_tmpb_skip=\skip62
\g_tmpa_skip=\skip63
\g_tmpb_skip=\skip64
\c_zero_muskip=\muskip11
\c_max_muskip=\muskip12
\l_tmpa_muskip=\muskip13
\l_tmpb_muskip=\muskip14
\g_tmpa_muskip=\muskip15
\g_tmpb_muskip=\muskip16
\l_keys_choice_int=\count126
\l__intarray_loop_int=\count127
\c__intarray_sp_dim=\dimen146
\g__intarray_font_int=\count128
\c__fp_leading_shift_int=\count129
\c__fp_middle_shift_int=\count130
\c__fp_trailing_shift_int=\count131
\c__fp_big_leading_shift_int=\count132
\c__fp_big_middle_shift_int=\count133
\c__fp_big_trailing_shift_int=\count134
\c__fp_Bigg_leading_shift_int=\count135
\c__fp_Bigg_middle_shift_int=\count136
\c__fp_Bigg_trailing_shift_int=\count137
\c__kernel_randint_max_int=\count138
\g__fp_array_int=\count139
\l__fp_array_loop_int=\count140
\l__sort_length_int=\count141
\l__sort_min_int=\count142
\l__sort_top_int=\count143
\l__sort_max_int=\count144
\l__sort_true_max_int=\count145
\l__sort_block_int=\count146
\l__sort_begin_int=\count147
\l__sort_end_int=\count148
\l__sort_A_int=\count149
\l__sort_B_int=\count150
\l__sort_C_int=\count151
\l__tl_analysis_normal_int=\count152
\l__tl_analysis_index_int=\count153
\l__tl_analysis_nesting_int=\count154
\l__tl_analysis_type_int=\count155
\l__regex_internal_a_int=\count156
\l__regex_internal_b_int=\count157
\l__regex_internal_c_int=\count158
\l__regex_balance_int=\count159
\l__regex_group_level_int=\count160
\l__regex_mode_int=\count161
\c__regex_cs_in_class_mode_int=\count162
\c__regex_cs_mode_int=\count163
\l__regex_catcodes_int=\count164
\l__regex_default_catcodes_int=\count165
\c__regex_catcode_D_int=\count166
\c__regex_catcode_S_int=\count167
\c__regex_catcode_L_int=\count168
\c__regex_catcode_O_int=\count169
\c__regex_catcode_A_int=\count170
\c__regex_all_catcodes_int=\count171
\l__regex_show_lines_int=\count172
\l__regex_min_state_int=\count173
\l__regex_max_state_int=\count174
\l__regex_left_state_int=\count175
\l__regex_right_state_int=\count176
\l__regex_capturing_group_int=\count177
\l__regex_min_pos_int=\count178
\l__regex_max_pos_int=\count179
\l__regex_curr_pos_int=\count180
\l__regex_start_pos_int=\count181
\l__regex_success_pos_int=\count182
\l__regex_curr_char_int=\count183
\l__regex_curr_catcode_int=\count184
\l__regex_last_char_int=\count185
\l__regex_case_changed_char_int=\count186
\l__regex_curr_state_int=\count187
\l__regex_step_int=\count188
\l__regex_min_active_int=\count189
\l__regex_max_active_int=\count190
\l__regex_replacement_csnames_int=\count191
\l__regex_match_count_int=\count192
\l__regex_min_submatch_int=\count193
\l__regex_submatch_int=\count194
\l__regex_zeroth_submatch_int=\count195
\g__regex_trace_regex_int=\count196
\c_empty_box=\box29
\l_tmpa_box=\box30
\l_tmpb_box=\box31
\g_tmpa_box=\box32
\g_tmpb_box=\box33
\l__box_top_dim=\dimen147
\l__box_bottom_dim=\dimen148
\l__box_left_dim=\dimen149
\l__box_right_dim=\dimen150
\l__box_top_new_dim=\dimen151
\l__box_bottom_new_dim=\dimen152
\l__box_left_new_dim=\dimen153
\l__box_right_new_dim=\dimen154
\l__box_internal_box=\box34
\l__coffin_internal_box=\box35
\l__coffin_internal_dim=\dimen155
\l__coffin_offset_x_dim=\dimen156
\l__coffin_offset_y_dim=\dimen157
\l__coffin_x_dim=\dimen158
\l__coffin_y_dim=\dimen159
\l__coffin_x_prime_dim=\dimen160
\l__coffin_y_prime_dim=\dimen161
\c_empty_coffin=\box36
\l__coffin_aligned_coffin=\box37
\l__coffin_aligned_internal_coffin=\box38
\l_tmpa_coffin=\box39
\l_tmpb_coffin=\box40
\l__coffin_display_coffin=\box41
\l__coffin_display_coord_coffin=\box42
\l__coffin_display_pole_coffin=\box43
\l__coffin_display_offset_dim=\dimen162
\l__coffin_display_x_dim=\dimen163
\l__coffin_display_y_dim=\dimen164
\g__file_internal_ior=\read1
\l__coffin_bounding_shift_dim=\dimen165
\l__coffin_left_corner_dim=\dimen166
\l__coffin_right_corner_dim=\dimen167
\l__coffin_bottom_corner_dim=\dimen168
\l__coffin_top_corner_dim=\dimen169
\l__coffin_scaled_total_height_dim=\dimen170
\l__coffin_scaled_width_dim=\dimen171
\l__seq_internal_a_int=\count197
\l__seq_internal_b_int=\count198
)
("C:\Users\David\AppData\Local\Programs\MiKTeX 2.9\tex/latex/l3kernel\l3pdfmode
.def"
File: l3pdfmode.def 2019-01-01 v L3 Experimental driver: PDF mode
\l__driver_color_stack_int=\count199
))
("C:\Users\David\AppData\Local\Programs\MiKTeX 2.9\tex/latex/l3packages/xparse\
xparse.sty"
Package: xparse 2018-10-17 L3 Experimental document command parser
\l__xparse_current_arg_int=\count266
\g__xparse_grabber_int=\count267
\l__xparse_m_args_int=\count268
\l__xparse_mandatory_args_int=\count269
\l__xparse_v_nesting_int=\count270
)
Package: siunitx 2018/05/17 v2.7s A comprehensive (SI) units package

("C:\Users\David\AppData\Local\Programs\MiKTeX 2.9\tex/latex/tools\array.sty"
Package: array 2018/11/13 v2.4j Tabular extension package (FMi)
\col@sep=\dimen172
\ar@mcellbox=\box44
\extrarowheight=\dimen173
\NC@list=\toks23
\extratabsurround=\skip65
\backup@length=\skip66
\ar@cellbox=\box45
)
("C:\Users\David\AppData\Local\Programs\MiKTeX 2.9\tex/latex/l3packages/l3keys2
e\l3keys2e.sty"
Package: l3keys2e 2018-10-17 LaTeX2e option processing using LaTeX3 keys
)
\l__siunitx_tmp_box=\box46
\l__siunitx_tmp_dim=\dimen174
\l__siunitx_tmp_int=\count271
\l__siunitx_number_mantissa_length_int=\count272
\l__siunitx_number_uncert_length_int=\count273
\l__siunitx_round_int=\count274
\l__siunitx_process_decimal_int=\count275
\l__siunitx_process_uncertainty_int=\count276
\l__siunitx_process_fixed_int=\count277
\l__siunitx_process_integer_min_int=\count278
\l__siunitx_process_precision_int=\count279
\l__siunitx_group_min_int=\count280
\l__siunitx_angle_marker_box=\box47
\l__siunitx_angle_unit_box=\box48
\l__siunitx_angle_marker_dim=\dimen175
\l__siunitx_angle_unit_dim=\dimen176
\l__siunitx_unit_int=\count281
\l__siunitx_unit_denominator_int=\count282
\l__siunitx_unit_numerator_int=\count283
\l__siunitx_unit_prefix_int=\count284
\l__siunitx_unit_prefix_base_int=\count285
\l__siunitx_unit_prefix_gram_int=\count286
\l__siunitx_number_product_int=\count287
\c__siunitx_one_fill_skip=\skip67
\l__siunitx_table_unit_align_skip=\skip68
\l__siunitx_table_exponent_dim=\dimen177
\l__siunitx_table_integer_dim=\dimen178
\l__siunitx_table_mantissa_dim=\dimen179
\l__siunitx_table_marker_dim=\dimen180
\l__siunitx_table_result_dim=\dimen181
\l__siunitx_table_uncert_dim=\dimen182
\l__siunitx_table_fill_pre_dim=\dimen183
\l__siunitx_table_fill_post_dim=\dimen184
\l__siunitx_table_fill_mid_dim=\dimen185
\l__siunitx_table_pre_box=\box49
\l__siunitx_table_post_box=\box50
\l__siunitx_table_mantissa_box=\box51
\l__siunitx_table_result_box=\box52
\l__siunitx_table_number_align_skip=\skip69
\l__siunitx_table_text_align_skip=\skip70

("C:\Users\David\AppData\Local\Programs\MiKTeX 2.9\tex/latex/translator\transla
tor.sty"
Package: translator 2018/01/04 v1.12 Easy translation of strings in LaTeX
))
("C:\Users\David\AppData\Local\Programs\MiKTeX 2.9\tex/latex/placeins\placeins.
sty"
Package: placeins 2005/04/18  v 2.2
)
("C:\Users\David\AppData\Local\Programs\MiKTeX 2.9\tex/latex/bezos\dotlessi.sty
"
Package: dotlessi 1999/10/12 v1.0 Dotless i/j for Math
)
("C:\Users\David\AppData\Local\Programs\MiKTeX 2.9\tex/latex/hyperref\hyperref.
sty"
Package: hyperref 2018/11/30 v6.88e Hypertext links for LaTeX

("C:\Users\David\AppData\Local\Programs\MiKTeX 2.9\tex/generic/oberdiek\hobsub-
hyperref.sty"
Package: hobsub-hyperref 2016/05/16 v1.14 Bundle oberdiek, subset hyperref (HO)


("C:\Users\David\AppData\Local\Programs\MiKTeX 2.9\tex/generic/oberdiek\hobsub-
generic.sty"
Package: hobsub-generic 2016/05/16 v1.14 Bundle oberdiek, subset generic (HO)
Package: hobsub 2016/05/16 v1.14 Construct package bundles (HO)
Package: infwarerr 2016/05/16 v1.4 Providing info/warning/error messages (HO)
Package: ltxcmds 2016/05/16 v1.23 LaTeX kernel commands for general use (HO)
Package: ifluatex 2016/05/16 v1.4 Provides the ifluatex switch (HO)
Package ifluatex Info: LuaTeX not detected.
Package hobsub Info: Skipping package `ifvtex' (already loaded).
Package: intcalc 2016/05/16 v1.2 Expandable calculations with integers (HO)
Package hobsub Info: Skipping package `ifpdf' (already loaded).
Package: etexcmds 2016/05/16 v1.6 Avoid name clashes with e-TeX commands (HO)
Package: kvsetkeys 2016/05/16 v1.17 Key value parser (HO)
Package: kvdefinekeys 2016/05/16 v1.4 Define keys (HO)
Package: pdftexcmds 2018/09/10 v0.29 Utility functions of pdfTeX for LuaTeX (HO
)
Package pdftexcmds Info: LuaTeX not detected.
Package pdftexcmds Info: \pdf@primitive is available.
Package pdftexcmds Info: \pdf@ifprimitive is available.
Package pdftexcmds Info: \pdfdraftmode found.
Package: pdfescape 2016/05/16 v1.14 Implements pdfTeX's escape features (HO)
Package: bigintcalc 2016/05/16 v1.4 Expandable calculations on big integers (HO
)
Package: bitset 2016/05/16 v1.2 Handle bit-vector datatype (HO)
Package: uniquecounter 2016/05/16 v1.3 Provide unlimited unique counter (HO)
)
Package hobsub Info: Skipping package `hobsub' (already loaded).
Package: letltxmacro 2016/05/16 v1.5 Let assignment for LaTeX macros (HO)
Package: hopatch 2016/05/16 v1.3 Wrapper for package hooks (HO)
Package: xcolor-patch 2016/05/16 xcolor patch
Package: atveryend 2016/05/16 v1.9 Hooks at the very end of document (HO)
Package atveryend Info: \enddocument detected (standard20110627).
Package: atbegshi 2016/06/09 v1.18 At begin shipout hook (HO)
Package: refcount 2016/05/16 v3.5 Data extraction from label references (HO)
Package: hycolor 2016/05/16 v1.8 Color options for hyperref/bookmark (HO)
)
("C:\Users\David\AppData\Local\Programs\MiKTeX 2.9\tex/latex/oberdiek\auxhook.s
ty"
Package: auxhook 2016/05/16 v1.4 Hooks for auxiliary files (HO)
)
("C:\Users\David\AppData\Local\Programs\MiKTeX 2.9\tex/latex/oberdiek\kvoptions
.sty"
Package: kvoptions 2016/05/16 v3.12 Key value format for package options (HO)
)
\@linkdim=\dimen186
\Hy@linkcounter=\count288
\Hy@pagecounter=\count289

("C:\Users\David\AppData\Local\Programs\MiKTeX 2.9\tex/latex/hyperref\pd1enc.de
f"
File: pd1enc.def 2018/11/30 v6.88e Hyperref: PDFDocEncoding definition (HO)
Now handling font encoding PD1 ...
... no UTF-8 mapping file for font encoding PD1
)
\Hy@SavedSpaceFactor=\count290

("C:\Users\David\AppData\Local\Programs\MiKTeX 2.9\tex/latex/00miktex\hyperref.
cfg"
File: hyperref.cfg 2002/06/06 v1.2 hyperref configuration of TeXLive
)
Package hyperref Info: Hyper figures OFF on input line 4519.
Package hyperref Info: Link nesting OFF on input line 4524.
Package hyperref Info: Hyper index ON on input line 4527.
Package hyperref Info: Plain pages OFF on input line 4534.
Package hyperref Info: Backreferencing OFF on input line 4539.
Package hyperref Info: Implicit mode ON; LaTeX internals redefined.
Package hyperref Info: Bookmarks ON on input line 4772.
\c@Hy@tempcnt=\count291
 ("C:\Users\David\AppData\Local\Programs\MiKTeX 2.9\tex/latex/url\url.sty"
\Urlmuskip=\muskip17
Package: url 2013/09/16  ver 3.4  Verb mode for urls, etc.
)
LaTeX Info: Redefining \url on input line 5125.
\XeTeXLinkMargin=\dimen187
\Fld@menulength=\count292
\Field@Width=\dimen188
\Fld@charsize=\dimen189
Package hyperref Info: Hyper figures OFF on input line 6380.
Package hyperref Info: Link nesting OFF on input line 6385.
Package hyperref Info: Hyper index ON on input line 6388.
Package hyperref Info: backreferencing OFF on input line 6395.
Package hyperref Info: Link coloring OFF on input line 6400.
Package hyperref Info: Link coloring with OCG OFF on input line 6405.
Package hyperref Info: PDF/A mode OFF on input line 6410.
LaTeX Info: Redefining \ref on input line 6450.
LaTeX Info: Redefining \pageref on input line 6454.
\Hy@abspage=\count293
\c@Item=\count294
\c@Hfootnote=\count295
)
Package hyperref Info: Driver (autodetected): hpdftex.

("C:\Users\David\AppData\Local\Programs\MiKTeX 2.9\tex/latex/hyperref\hpdftex.d
ef"
File: hpdftex.def 2018/11/30 v6.88e Hyperref driver for pdfTeX
\Fld@listcount=\count296
\c@bookmark@seq@number=\count297

("C:\Users\David\AppData\Local\Programs\MiKTeX 2.9\tex/latex/oberdiek\rerunfile
check.sty"
Package: rerunfilecheck 2016/05/16 v1.8 Rerun checks for auxiliary files (HO)
Package uniquecounter Info: New unique counter `rerunfilecheck' on input line 2
82.
)
\Hy@SectionHShift=\skip71
)
("C:\Users\David\AppData\Local\Programs\MiKTeX 2.9\tex/latex/float\float.sty"
Package: float 2001/11/08 v1.3d Float enhancements (AL)
\c@float@type=\count298
\float@exts=\toks24
\float@box=\box53
\@float@everytoks=\toks25
\@floatcapt=\box54
)
("C:\Users\David\AppData\Local\Programs\MiKTeX 2.9\tex/latex/biblatex\biblatex.
sty"
Package: biblatex 2018/11/02 v3.12 programmable bibliographies (PK/MW)

("C:\Users\David\AppData\Local\Programs\MiKTeX 2.9\tex/latex/etoolbox\etoolbox.
sty"
Package: etoolbox 2018/08/19 v2.5f e-TeX tools for LaTeX (JAW)
\etb@tempcnta=\count299
)
("C:\Users\David\AppData\Local\Programs\MiKTeX 2.9\tex/latex/logreq\logreq.sty"
Package: logreq 2010/08/04 v1.0 xml request logger
\lrq@indent=\count300
("C:\Users\David\AppData\Local\Programs\MiKTeX 2.9\tex/latex/logreq\logreq.def"
File: logreq.def 2010/08/04 v1.0 logreq spec v1.0
)) ("C:\Users\David\AppData\Local\Programs\MiKTeX 2.9\tex/latex/base\ifthen.sty
"
Package: ifthen 2014/09/29 v1.1c Standard LaTeX ifthen package (DPC)
)
\c@tabx@nest=\count301
\c@listtotal=\count302
\c@listcount=\count303
\c@liststart=\count304
\c@liststop=\count305
\c@citecount=\count306
\c@citetotal=\count307
\c@multicitecount=\count308
\c@multicitetotal=\count309
\c@instcount=\count310
\c@maxnames=\count311
\c@minnames=\count312
\c@maxitems=\count313
\c@minitems=\count314
\c@citecounter=\count315
\c@maxcitecounter=\count316
\c@savedcitecounter=\count317
\c@uniquelist=\count318
\c@uniquename=\count319
\c@refsection=\count320
\c@refsegment=\count321
\c@maxextratitle=\count322
\c@maxextratitleyear=\count323
\c@maxextraname=\count324
\c@maxextradate=\count325
\c@maxextraalpha=\count326
\c@abbrvpenalty=\count327
\c@highnamepenalty=\count328
\c@lownamepenalty=\count329
\c@maxparens=\count330
\c@parenlevel=\count331
\blx@tempcnta=\count332
\blx@tempcntb=\count333
\blx@tempcntc=\count334
\blx@maxsection=\count335
\blx@maxsegment@0=\count336
\blx@notetype=\count337
\blx@parenlevel@text=\count338
\blx@parenlevel@foot=\count339
\blx@sectionciteorder@0=\count340
\blx@entrysetcounter=\count341
\labelnumberwidth=\skip72
\labelalphawidth=\skip73
\biblabelsep=\skip74
\bibitemsep=\skip75
\bibnamesep=\skip76
\bibinitsep=\skip77
\bibparsep=\skip78
\bibhang=\skip79
\blx@bcfin=\read2
\blx@bcfout=\write3
\c@mincomprange=\count342
\c@maxcomprange=\count343
\c@mincompwidth=\count344
Package biblatex Info: Trying to load biblatex default data model...
Package biblatex Info: ... file 'blx-dm.def' found.

("C:\Users\David\AppData\Local\Programs\MiKTeX 2.9\tex/latex/biblatex\blx-dm.de
f"
File: blx-dm.def 2018/11/02 v3.12 biblatex localization (PK/MW)
)
Package biblatex Info: Trying to load biblatex style data model...
Package biblatex Info: ... file 'ieee.dbx' not found.
Package biblatex Info: Trying to load biblatex custom data model...
Package biblatex Info: ... file 'biblatex-dm.cfg' not found.
\c@afterword=\count345
\c@savedafterword=\count346
\c@annotator=\count347
\c@savedannotator=\count348
\c@author=\count349
\c@savedauthor=\count350
\c@bookauthor=\count351
\c@savedbookauthor=\count352
\c@commentator=\count353
\c@savedcommentator=\count354
\c@editor=\count355
\c@savededitor=\count356
\c@editora=\count357
\c@savededitora=\count358
\c@editorb=\count359
\c@savededitorb=\count360
\c@editorc=\count361
\c@savededitorc=\count362
\c@foreword=\count363
\c@savedforeword=\count364
\c@holder=\count365
\c@savedholder=\count366
\c@introduction=\count367
\c@savedintroduction=\count368
\c@namea=\count369
\c@savednamea=\count370
\c@nameb=\count371
\c@savednameb=\count372
\c@namec=\count373
\c@savednamec=\count374
\c@translator=\count375
\c@savedtranslator=\count376
\c@shortauthor=\count377
\c@savedshortauthor=\count378
\c@shorteditor=\count379
\c@savedshorteditor=\count380
\c@labelname=\count381
\c@savedlabelname=\count382
\c@institution=\count383
\c@savedinstitution=\count384
\c@lista=\count385
\c@savedlista=\count386
\c@listb=\count387
\c@savedlistb=\count388
\c@listc=\count389
\c@savedlistc=\count390
\c@listd=\count391
\c@savedlistd=\count392
\c@liste=\count393
\c@savedliste=\count394
\c@listf=\count395
\c@savedlistf=\count396
\c@location=\count397
\c@savedlocation=\count398
\c@organization=\count399
\c@savedorganization=\count400
\c@origlocation=\count401
\c@savedoriglocation=\count402
\c@origpublisher=\count403
\c@savedorigpublisher=\count404
\c@publisher=\count405
\c@savedpublisher=\count406
\c@language=\count407
\c@savedlanguage=\count408
\c@origlanguage=\count409
\c@savedoriglanguage=\count410
\c@pageref=\count411
\c@savedpageref=\count412
\shorthandwidth=\skip80
\shortjournalwidth=\skip81
\shortserieswidth=\skip82
\shorttitlewidth=\skip83
\shortauthorwidth=\skip84
\shorteditorwidth=\skip85
\locallabelnumberwidth=\skip86
\locallabelalphawidth=\skip87
\localshorthandwidth=\skip88
\localshortjournalwidth=\skip89
\localshortserieswidth=\skip90
\localshorttitlewidth=\skip91
\localshortauthorwidth=\skip92
\localshorteditorwidth=\skip93
Package biblatex Info: Trying to load compatibility code...
Package biblatex Info: ... file 'blx-compat.def' found.

("C:\Users\David\AppData\Local\Programs\MiKTeX 2.9\tex/latex/biblatex\blx-compa
t.def"
File: blx-compat.def 2018/11/02 v3.12 biblatex compatibility (PK/MW)
)
Package biblatex Info: Trying to load generic definitions...
Package biblatex Info: ... file 'biblatex.def' found.

("C:\Users\David\AppData\Local\Programs\MiKTeX 2.9\tex/latex/biblatex\biblatex.
def"
File: biblatex.def 2018/11/02 v3.12 biblatex compatibility (PK/MW)
\c@textcitecount=\count413
\c@textcitetotal=\count414
\c@textcitemaxnames=\count415
\c@biburlnumpenalty=\count416
\c@biburlucpenalty=\count417
\c@biburllcpenalty=\count418
\c@smartand=\count419
)
Package biblatex Info: Trying to load bibliography style 'ieee'...
Package biblatex Info: ... file 'ieee.bbx' found.

("C:\Users\David\AppData\Local\Programs\MiKTeX 2.9\tex/latex/biblatex-ieee\ieee
.bbx"
File: ieee.bbx 2018/08/20 v1.3 biblatex bibliography style
Package biblatex Info: Trying to load bibliography style 'numeric-comp'...
Package biblatex Info: ... file 'numeric-comp.bbx' found.

("C:\Users\David\AppData\Local\Programs\MiKTeX 2.9\tex/latex/biblatex/bbx\numer
ic-comp.bbx"
File: numeric-comp.bbx 2018/11/02 v3.12 biblatex bibliography style (PK/MW)
Package biblatex Info: Trying to load bibliography style 'numeric'...
Package biblatex Info: ... file 'numeric.bbx' found.

("C:\Users\David\AppData\Local\Programs\MiKTeX 2.9\tex/latex/biblatex/bbx\numer
ic.bbx"
File: numeric.bbx 2018/11/02 v3.12 biblatex bibliography style (PK/MW)
Package biblatex Info: Trying to load bibliography style 'standard'...
Package biblatex Info: ... file 'standard.bbx' found.

("C:\Users\David\AppData\Local\Programs\MiKTeX 2.9\tex/latex/biblatex/bbx\stand
ard.bbx"
File: standard.bbx 2018/11/02 v3.12 biblatex bibliography style (PK/MW)
\c@bbx:relatedcount=\count420
\c@bbx:relatedtotal=\count421
))))
Package biblatex Info: Trying to load citation style 'ieee'...
Package biblatex Info: ... file 'ieee.cbx' found.

("C:\Users\David\AppData\Local\Programs\MiKTeX 2.9\tex/latex/biblatex-ieee\ieee
.cbx"
File: ieee.cbx 2018/08/20 v1.3 biblatex citation style
Package biblatex Info: Trying to load citation style 'numeric-comp'...
Package biblatex Info: ... file 'numeric-comp.cbx' found.

("C:\Users\David\AppData\Local\Programs\MiKTeX 2.9\tex/latex/biblatex/cbx\numer
ic-comp.cbx"
File: numeric-comp.cbx 2018/11/02 v3.12 biblatex citation style (PK/MW)
\c@cbx@tempcnta=\count422
\c@cbx@tempcntb=\count423
Package biblatex Info: Redefining '\cite'.
Package biblatex Info: Redefining '\parencite'.
Package biblatex Info: Redefining '\footcite'.
Package biblatex Info: Redefining '\footcitetext'.
Package biblatex Info: Redefining '\smartcite'.
Package biblatex Info: Redefining '\supercite'.
Package biblatex Info: Redefining '\textcite'.
Package biblatex Info: Redefining '\textcites'.
Package biblatex Info: Redefining '\cites'.
Package biblatex Info: Redefining '\parencites'.
Package biblatex Info: Redefining '\smartcites'.
)
Package biblatex Info: Redefining '\cite'.
Package biblatex Info: Redefining '\cites'.
)
Package biblatex Info: Trying to load configuration file...
Package biblatex Info: ... file 'biblatex.cfg' found.

("C:\Users\David\AppData\Local\Programs\MiKTeX 2.9\tex/latex/biblatex\biblatex.
cfg"
File: biblatex.cfg 
)) (formatting.tex
("C:\Users\David\AppData\Local\Programs\MiKTeX 2.9\tex/latex/psnfss\helvet.sty"
Package: helvet 2005/04/12 PSNFSS-v9.2a (WaS) 
) ("C:\Users\David\AppData\Local\Programs\MiKTeX 2.9\tex/latex/base\fontenc.sty
"
Package: fontenc 2018/08/11 v2.0j Standard LaTeX package
 ("C:\Users\David\AppData\Local\Programs\MiKTeX 2.9\tex/latex/base\t1enc.def"
File: t1enc.def 2018/08/11 v2.0j Standard LaTeX file
LaTeX Font Info:    Redeclaring font encoding T1 on input line 48.
))
("C:\Users\David\AppData\Local\Programs\MiKTeX 2.9\tex/latex/titlesec\titlesec.
sty"
Package: titlesec 2016/03/21 v2.10.2 Sectioning titles
\ttl@box=\box55
\beforetitleunit=\skip94
\aftertitleunit=\skip95
\ttl@plus=\dimen190
\ttl@minus=\dimen191
\ttl@toksa=\toks26
\titlewidth=\dimen192
\titlewidthlast=\dimen193
\titlewidthfirst=\dimen194
))

Package biblatex Warning: File 'english-ieee.lbx' not found!
(biblatex)                Ignoring mapping 'english' -> 'english-ieee'.

Package biblatex Info: Trying to load language 'english'...
Package biblatex Info: ... file 'english.lbx' found.

("C:\Users\David\AppData\Local\Programs\MiKTeX 2.9\tex/latex/biblatex/lbx\engli
sh.lbx"
File: english.lbx 2018/11/02 v3.12 biblatex localization (PK/MW)
)
\@quotelevel=\count424
\@quotereset=\count425
 (main.aux

LaTeX Warning: Label `fig:IS_data_beads_pbs_DI_comp' multiply defined.


LaTeX Warning: Label `fig:analytic_sensitivity' multiply defined.


LaTeX Warning: Label `fig:analytic_sensitivity' multiply defined.


LaTeX Warning: Label `fig:analytic_sensitivity' multiply defined.

)
\openout1 = `main.aux'.

LaTeX Font Info:    Checking defaults for OML/cmm/m/it on input line 50.
LaTeX Font Info:    ... okay on input line 50.
LaTeX Font Info:    Checking defaults for T1/cmr/m/n on input line 50.
LaTeX Font Info:    ... okay on input line 50.
LaTeX Font Info:    Checking defaults for OT1/cmr/m/n on input line 50.
LaTeX Font Info:    ... okay on input line 50.
LaTeX Font Info:    Checking defaults for OMS/cmsy/m/n on input line 50.
LaTeX Font Info:    ... okay on input line 50.
LaTeX Font Info:    Checking defaults for OMX/cmex/m/n on input line 50.
LaTeX Font Info:    ... okay on input line 50.
LaTeX Font Info:    Checking defaults for U/cmr/m/n on input line 50.
LaTeX Font Info:    ... okay on input line 50.
LaTeX Font Info:    Checking defaults for TS1/cmr/m/n on input line 50.
LaTeX Font Info:    Try loading font information for TS1+cmr on input line 50.
 ("C:\Users\David\AppData\Local\Programs\MiKTeX 2.9\tex/latex/base\ts1cmr.fd"
File: ts1cmr.fd 2014/09/29 v2.5h Standard LaTeX font definitions
)
LaTeX Font Info:    ... okay on input line 50.
LaTeX Font Info:    Checking defaults for PD1/pdf/m/n on input line 50.
LaTeX Font Info:    ... okay on input line 50.
LaTeX Font Info:    Try loading font information for T1+phv on input line 50.
("C:\Users\David\AppData\Local\Programs\MiKTeX 2.9\tex/latex/psnfss\t1phv.fd"
File: t1phv.fd 2001/06/04 scalable font definitions for T1/phv.
)
LaTeX Font Info:    Font shape `T1/phv/m/n' will be
(Font)              scaled to size 11.39996pt on input line 50.

("C:\Users\David\AppData\Local\Programs\MiKTeX 2.9\tex/context/base\supp-pdf.mk
ii"
[Loading MPS to PDF converter (version 2006.09.02).]
\scratchcounter=\count426
\scratchdimen=\dimen195
\scratchbox=\box56
\nofMPsegments=\count427
\nofMParguments=\count428
\everyMPshowfont=\toks27
\MPscratchCnt=\count429
\MPscratchDim=\dimen196
\MPnumerator=\count430
\makeMPintoPDFobject=\count431
\everyMPtoPDFconversion=\toks28
)
("C:\Users\David\AppData\Local\Programs\MiKTeX 2.9\tex/latex/oberdiek\epstopdf-
base.sty"
Package: epstopdf-base 2016/05/15 v2.6 Base part for package epstopdf

("C:\Users\David\AppData\Local\Programs\MiKTeX 2.9\tex/latex/oberdiek\grfext.st
y"
Package: grfext 2016/05/16 v1.2 Manage graphics extensions (HO)
)
Package epstopdf-base Info: Redefining graphics rule for `.eps' on input line 4
38.
Package grfext Info: Graphics extension search list:
(grfext)             [.pdf,.png,.jpg,.mps,.jpeg,.jbig2,.jb2,.PDF,.PNG,.JPG,.JPE
G,.JBIG2,.JB2,.eps]
(grfext)             \AppendGraphicsExtensions on input line 456.
)
*geometry* driver: auto-detecting
*geometry* detected driver: pdftex
*geometry* verbose mode - [ preamble ] result:
* driver: pdftex
* paper: a4paper
* layout: <same size as paper>
* layoutoffset:(h,v)=(0.0pt,0.0pt)
* modes: 
* h-part:(L,W,R)=(108.405pt, 416.83289pt, 72.26999pt)
* v-part:(T,H,B)=(72.26999pt, 700.50687pt, 72.26999pt)
* \paperwidth=597.50787pt
* \paperheight=845.04684pt
* \textwidth=416.83289pt
* \textheight=700.50687pt
* \oddsidemargin=36.13501pt
* \evensidemargin=36.13501pt
* \topmargin=-37.0pt
* \headheight=12.0pt
* \headsep=25.0pt
* \topskip=12.0pt
* \footskip=30.0pt
* \marginparwidth=44.0pt
* \marginparsep=10.0pt
* \columnsep=10.0pt
* \skip\footins=10.8pt plus 4.0pt minus 2.0pt
* \hoffset=0.0pt
* \voffset=0.0pt
* \mag=1000
* \@twocolumnfalse
* \@twosidefalse
* \@mparswitchfalse
* \@reversemarginfalse
* (1in=72.27pt=25.4mm, 1cm=28.453pt)

Package caption Info: Begin \AtBeginDocument code.
Package caption Info: float package is loaded.
Package caption Info: hyperref package is loaded.
Package caption Info: End \AtBeginDocument code.

("C:\Users\David\AppData\Local\Programs\MiKTeX 2.9\tex/latex/translator\transla
tor-basic-dictionary-English.dict"
Dictionary: translator-basic-dictionary, Language: English 
)
("C:\Users\David\AppData\Local\Programs\MiKTeX 2.9\tex/latex/siunitx\siunitx-ab
breviations.cfg"
File: siunitx-abbreviations.cfg 2017/11/26 v2.7k siunitx: Abbreviated units
)
\AtBeginShipoutBox=\box57
Package hyperref Info: Link coloring OFF on input line 50.

("C:\Users\David\AppData\Local\Programs\MiKTeX 2.9\tex/latex/hyperref\nameref.s
ty"
Package: nameref 2016/05/21 v2.44 Cross-referencing by name of section

("C:\Users\David\AppData\Local\Programs\MiKTeX 2.9\tex/generic/oberdiek\gettitl
estring.sty"
Package: gettitlestring 2016/05/16 v1.5 Cleanup title references (HO)
)
\c@section@level=\count432
)
LaTeX Info: Redefining \ref on input line 50.
LaTeX Info: Redefining \pageref on input line 50.
LaTeX Info: Redefining \nameref on input line 50.
 (main.out) (main.out)
\@outlinefile=\write4
\openout4 = `main.out'.

Package biblatex Info: Input encoding 'utf8' detected.
Package biblatex Info: Automatic encoding selection.
(biblatex)             Assuming data encoding 'utf8'.
\openout3 = `main.bcf'.

Package biblatex Info: Trying to load bibliographic data...
Package biblatex Info: ... file 'main.bbl' found.
 (main.bbl)
Package biblatex Info: Reference section=0 on input line 50.
Package biblatex Info: Reference segment=0 on input line 50.
LaTeX Font Info:    Try loading font information for U+esint on input line 50.

("C:\Users\David\AppData\Local\Programs\MiKTeX 2.9\tex/latex/esint\uesint.fd"
File: uesint.fd 
)
LaTeX Font Info:    Font shape `T1/phv/bx/n' in size <12> not available
(Font)              Font shape `T1/phv/b/n' tried instead on input line 63.
LaTeX Font Info:    Font shape `T1/phv/b/n' will be
(Font)              scaled to size 11.39996pt on input line 63.

(main.toc)
\tf@toc=\write5
\openout5 = `main.toc'.

 [1


{C:/Users/David/AppData/Local/MiKTeX/2.9/pdftex/config/pdftex.map}] (main.lof
Overfull \hbox (16.52191pt too wide) in paragraph at lines 9--9
 \T1/phv/m/n/12 cess-ful re-sults were re-al-ized by min-i-miz-ing the ex-po-su
re of the chromium 
 []


Overfull \hbox (2.73901pt too wide) in paragraph at lines 13--13
 \T1/phv/m/n/12 sen-sor re-gion be-came jammed and the de-vice ul-ti-mately de-
lam-i-nated. 
 []

[2

])
\tf@lof=\write6
\openout6 = `main.lof'.

LaTeX Font Info:    Font shape `T1/phv/m/sl' will be
(Font)              scaled to size 11.39996pt on input line 67.


Package Fancyhdr Warning: \headheight is too small (12.0pt): 
 Make it at least 14.49998pt.
 We now make it that large for the rest of the document.
 This may cause the page layout to be inconsistent, however.

[3] (main.lot)
\tf@lot=\write7
\openout7 = `main.lot'.

 [4

]
Chapter 1.
(chapters/results.tex
LaTeX Font Info:    Font shape `T1/phv/bx/it' in size <12> not available
(Font)              Font shape `T1/phv/b/it' tried instead on input line 4.
LaTeX Font Info:    Font shape `T1/phv/b/it' in size <12> not available
(Font)              Font shape `T1/phv/b/sl' tried instead on input line 4.
LaTeX Font Info:    Font shape `T1/phv/b/sl' will be
(Font)              scaled to size 11.39996pt on input line 4.


LaTeX Warning: Citation 'fadriquela_design_2009-1' on page 1 undefined on input
 line 6.

<images/su8_results.png, id=211, 308.352pt x 246.6816pt>
File: images/su8_results.png Graphic file (type png)
<use images/su8_results.png>
Package pdftex.def Info: images/su8_results.png  used on input line 10.
(pdftex.def)             Requested size: 333.46758pt x 266.77725pt.
[1

 <./images/su8_results.png>]
<images/300umWideChannel.png, id=222, 692.5875pt x 464.4853pt>
File: images/300umWideChannel.png Graphic file (type png)
<use images/300umWideChannel.png>
Package pdftex.def Info: images/300umWideChannel.png  used on input line 20.
(pdftex.def)             Requested size: 416.83289pt x 279.558pt.
<images/10umWideAndSidewaysThrough100umWide.png, id=223, 689.57625pt x 459.9684
4pt>
File: images/10umWideAndSidewaysThrough100umWide.png Graphic file (type png)
<use images/10umWideAndSidewaysThrough100umWide.png>
Package pdftex.def Info: images/10umWideAndSidewaysThrough100umWide.png  used o
n input line 27.
(pdftex.def)             Requested size: 416.83289pt x 278.03963pt.


LaTeX Warning: `h' float specifier changed to `ht'.

<images/PDMS_channels.png, id=225, 308.352pt x 246.6816pt>
File: images/PDMS_channels.png Graphic file (type png)
<use images/PDMS_channels.png>
Package pdftex.def Info: images/PDMS_channels.png  used on input line 36.
(pdftex.def)             Requested size: 375.14705pt x 300.123pt.

Package Fancyhdr Warning: \headheight is too small (12.0pt): 
 Make it at least 14.49998pt.
 We now make it that large for the rest of the document.
 This may cause the page layout to be inconsistent, however.

[2 <./images/300umWideChannel.png (PNG copy)>]
Overfull \vbox (15.15573pt too high) has occurred while \output is active []



Package Fancyhdr Warning: \headheight is too small (12.0pt): 
 Make it at least 14.49998pt.
 We now make it that large for the rest of the document.
 This may cause the page layout to be inconsistent, however.

[3 <./images/10umWideAndSidewaysThrough100umWide.png (PNG copy)> <./images/PDMS
_channels.png>]
<images/adhesion_issues.jpg, id=237, 4047.12pt x 3035.34pt>
File: images/adhesion_issues.jpg Graphic file (type jpg)
<use images/adhesion_issues.jpg>
Package pdftex.def Info: images/adhesion_issues.jpg  used on input line 50.
(pdftex.def)             Requested size: 416.83289pt x 312.5833pt.
<images/electrodeFailureChunkBreak.png, id=240, 308.352pt x 246.6816pt>
File: images/electrodeFailureChunkBreak.png Graphic file (type png)
<use images/electrodeFailureChunkBreak.png>
Package pdftex.def Info: images/electrodeFailureChunkBreak.png  used on input l
ine 61.
(pdftex.def)             Requested size: 187.57352pt x 150.0615pt.
LaTeX Font Info:    Font shape `T1/phv/m/n' will be
(Font)              scaled to size 10.40245pt on input line 62.
<images/electrodeFailureChunkBreakZoomed.png, id=241, 308.352pt x 246.6816pt>
File: images/electrodeFailureChunkBreakZoomed.png Graphic file (type png)
<use images/electrodeFailureChunkBreakZoomed.png>
Package pdftex.def Info: images/electrodeFailureChunkBreakZoomed.png  used on i
nput line 67.
(pdftex.def)             Requested size: 187.57352pt x 150.0615pt.
<images/electrodeFailureThinBreak.png, id=242, 308.352pt x 246.6816pt>
File: images/electrodeFailureThinBreak.png Graphic file (type png)
<use images/electrodeFailureThinBreak.png>
Package pdftex.def Info: images/electrodeFailureThinBreak.png  used on input li
ne 74.
(pdftex.def)             Requested size: 187.57352pt x 150.0615pt.
<images/electrodeFailureSlide.png, id=243, 308.352pt x 246.6816pt>
File: images/electrodeFailureSlide.png Graphic file (type png)
<use images/electrodeFailureSlide.png>
Package pdftex.def Info: images/electrodeFailureSlide.png  used on input line 8
0.
(pdftex.def)             Requested size: 187.57352pt x 150.0615pt.

Underfull \hbox (badness 4024) in paragraph at lines 81--81
[]\T1/phv/m/n/10.95 (d) |Gold elec-trode strips slid-ing off
 []


LaTeX Warning: `h' float specifier changed to `ht'.


Package Fancyhdr Warning: \headheight is too small (12.0pt): 
 Make it at least 14.49998pt.
 We now make it that large for the rest of the document.
 This may cause the page layout to be inconsistent, however.

[4 <./images/adhesion_issues.jpg>]
<images/electrodes_real.jpg, id=249, 2281.52374pt x 1129.21875pt>
File: images/electrodes_real.jpg Graphic file (type jpg)
<use images/electrodes_real.jpg>
Package pdftex.def Info: images/electrodes_real.jpg  used on input line 94.
(pdftex.def)             Requested size: 416.83289pt x 206.3004pt.
<images/goodElectrode.png, id=250, 308.352pt x 246.6816pt>
File: images/goodElectrode.png Graphic file (type png)
<use images/goodElectrode.png>
Package pdftex.def Info: images/goodElectrode.png  used on input line 102.
(pdftex.def)             Requested size: 187.57352pt x 150.0615pt.
<images/goodElectrodeCloseUp.png, id=251, 308.352pt x 246.6816pt>
File: images/goodElectrodeCloseUp.png Graphic file (type png)
<use images/goodElectrodeCloseUp.png>
Package pdftex.def Info: images/goodElectrodeCloseUp.png  used on input line 10
8.
(pdftex.def)             Requested size: 187.57352pt x 150.0615pt.


Package Fancyhdr Warning: \headheight is too small (12.0pt): 
 Make it at least 14.49998pt.
 We now make it that large for the rest of the document.
 This may cause the page layout to be inconsistent, however.

[5 <./images/electrodeFailureChunkBreak.png> <./images/electrodeFailureChunkBre
akZoomed.png> <./images/electrodeFailureThinBreak.png> <./images/electrodeFailu
reSlide.png>]

Package Fancyhdr Warning: \headheight is too small (12.0pt): 
 Make it at least 14.49998pt.
 We now make it that large for the rest of the document.
 This may cause the page layout to be inconsistent, however.

[6 <./images/electrodes_real.jpg> <./images/goodElectrode.png> <./images/goodEl
ectrodeCloseUp.png>]
<images/bad_device.png, id=267, 154.176pt x 123.3408pt>
File: images/bad_device.png Graphic file (type png)
<use images/bad_device.png>
Package pdftex.def Info: images/bad_device.png  used on input line 128.
(pdftex.def)             Requested size: 416.83289pt x 333.50636pt.
<images/good_device.png, id=269, 154.176pt x 123.3408pt>
File: images/good_device.png Graphic file (type png)
<use images/good_device.png>
Package pdftex.def Info: images/good_device.png  used on input line 137.
(pdftex.def)             Requested size: 416.83289pt x 333.50636pt.


LaTeX Warning: `h' float specifier changed to `ht'.


Package Fancyhdr Warning: \headheight is too small (12.0pt): 
 Make it at least 14.49998pt.
 We now make it that large for the rest of the document.
 This may cause the page layout to be inconsistent, however.

[7 <./images/bad_device.png>]

Package Fancyhdr Warning: \headheight is too small (12.0pt): 
 Make it at least 14.49998pt.
 We now make it that large for the rest of the document.
 This may cause the page layout to be inconsistent, however.

[8 <./images/good_device.png>]
<images/device_22.jpg, id=281, 1727.45375pt x 2771.35374pt>
File: images/device_22.jpg Graphic file (type jpg)
<use images/device_22.jpg>
Package pdftex.def Info: images/device_22.jpg  used on input line 164.
(pdftex.def)             Requested size: 208.41644pt x 334.32417pt.
<images/IS_empty.jpg, id=282, 481.8pt x 361.35pt>
File: images/IS_empty.jpg Graphic file (type jpg)
<use images/IS_empty.jpg>
Package pdftex.def Info: images/IS_empty.jpg  used on input line 175.
(pdftex.def)             Requested size: 187.57352pt x 140.67781pt.
<images/IS_particle_saturation.jpg, id=283, 481.8pt x 361.35pt>
File: images/IS_particle_saturation.jpg Graphic file (type jpg)
<use images/IS_particle_saturation.jpg>
Package pdftex.def Info: images/IS_particle_saturation.jpg  used on input line 
181.
(pdftex.def)             Requested size: 187.57352pt x 140.67781pt.
<images/IS_jammed.jpg, id=284, 481.8pt x 361.35pt>
File: images/IS_jammed.jpg Graphic file (type jpg)
<use images/IS_jammed.jpg>
Package pdftex.def Info: images/IS_jammed.jpg  used on input line 188.
(pdftex.def)             Requested size: 187.57352pt x 140.67781pt.
<images/IS_device_delamination.jpg, id=285, 481.8pt x 361.35pt>
File: images/IS_device_delamination.jpg Graphic file (type jpg)
<use images/IS_device_delamination.jpg>
Package pdftex.def Info: images/IS_device_delamination.jpg  used on input line 
194.
(pdftex.def)             Requested size: 187.57352pt x 140.67781pt.


LaTeX Warning: `h' float specifier changed to `ht'.


Package Fancyhdr Warning: \headheight is too small (12.0pt): 
 Make it at least 14.49998pt.
 We now make it that large for the rest of the document.
 This may cause the page layout to be inconsistent, however.

[9 <./images/device_22.jpg>]

Package Fancyhdr Warning: \headheight is too small (12.0pt): 
 Make it at least 14.49998pt.
 We now make it that large for the rest of the document.
 This may cause the page layout to be inconsistent, however.

[10 <./images/IS_empty.jpg> <./images/IS_particle_saturation.jpg> <./images/IS_
jammed.jpg> <./images/IS_device_delamination.jpg>]

Package Fancyhdr Warning: \headheight is too small (12.0pt): 
 Make it at least 14.49998pt.
 We now make it that large for the rest of the document.
 This may cause the page layout to be inconsistent, however.

[11]
<images/spice-measured-comp.png, id=313, 475.7775pt x 304.88907pt>
File: images/spice-measured-comp.png Graphic file (type png)
<use images/spice-measured-comp.png>
Package pdftex.def Info: images/spice-measured-comp.png  used on input line 245
.
(pdftex.def)             Requested size: 375.14705pt x 240.4131pt.
<images/awesome_view.jpg, id=314, 1371.1225pt x 770.88pt>
File: images/awesome_view.jpg Graphic file (type jpg)
<use images/awesome_view.jpg>
Package pdftex.def Info: images/awesome_view.jpg  used on input line 256.
(pdftex.def)             Requested size: 375.14705pt x 210.91637pt.
File: images/awesome_view.jpg Graphic file (type jpg)
<use images/awesome_view.jpg>
Package pdftex.def Info: images/awesome_view.jpg  used on input line 263.
(pdftex.def)             Requested size: 375.14705pt x 210.91637pt.


Package Fancyhdr Warning: \headheight is too small (12.0pt): 
 Make it at least 14.49998pt.
 We now make it that large for the rest of the document.
 This may cause the page layout to be inconsistent, however.

[12 <./images/spice-measured-comp.png (PNG copy)>]
<images/spice-measured-comp_mag-phase.png, id=323, 810.77907pt x 408.77719pt>
File: images/spice-measured-comp_mag-phase.png Graphic file (type png)
<use images/spice-measured-comp_mag-phase.png>
Package pdftex.def Info: images/spice-measured-comp_mag-phase.png  used on inpu
t line 274.
(pdftex.def)             Requested size: 416.83289pt x 210.16394pt.
File: images/spice-measured-comp.png Graphic file (type png)
<use images/spice-measured-comp.png>
Package pdftex.def Info: images/spice-measured-comp.png  used on input line 281
.
(pdftex.def)             Requested size: 375.14705pt x 240.4131pt.


LaTeX Warning: Reference `' on page 13 undefined on input line 284.


LaTeX Warning: Reference `' on page 13 undefined on input line 284.


Package Fancyhdr Warning: \headheight is too small (12.0pt): 
 Make it at least 14.49998pt.
 We now make it that large for the rest of the document.
 This may cause the page layout to be inconsistent, however.

[13 <./images/awesome_view.jpg>]

LaTeX Warning: Citation '_gongadze.pdf_????' on page 14 undefined on input line
 288.


Package Fancyhdr Warning: \headheight is too small (12.0pt): 
 Make it at least 14.49998pt.
 We now make it that large for the rest of the document.
 This may cause the page layout to be inconsistent, however.

[14 <./images/spice-measured-comp_mag-phase.png (PNG copy)>]
<images/measurementError.png, id=332, 597.73312pt x 355.3275pt>
File: images/measurementError.png Graphic file (type png)
<use images/measurementError.png>
Package pdftex.def Info: images/measurementError.png  used on input line 302.
(pdftex.def)             Requested size: 416.83289pt x 247.79498pt.


Package Fancyhdr Warning: \headheight is too small (12.0pt): 
 Make it at least 14.49998pt.
 We now make it that large for the rest of the document.
 This may cause the page layout to be inconsistent, however.

[15 <./images/measurementError.png (PNG copy)>]

LaTeX Warning: Reference `fig:IS_data_reproducibility_SD' on page 16 undefined 
on input line 311.

<images/reproducibility_PBS_mag_phase.png, id=339, 872.50969pt x 400.49625pt>
File: images/reproducibility_PBS_mag_phase.png Graphic file (type png)
<use images/reproducibility_PBS_mag_phase.png>
Package pdftex.def Info: images/reproducibility_PBS_mag_phase.png  used on inpu
t line 319.
(pdftex.def)             Requested size: 416.83289pt x 191.33157pt.
<images/reproducibility_PBS_real_imag.png, id=340, 874.01532pt x 400.49625pt>
File: images/reproducibility_PBS_real_imag.png Graphic file (type png)
<use images/reproducibility_PBS_real_imag.png>
Package pdftex.def Info: images/reproducibility_PBS_real_imag.png  used on inpu
t line 326.
(pdftex.def)             Requested size: 416.83289pt x 191.00157pt.

LaTeX Warning: `h' float specifier changed to `ht'.

<images/raw_IS_data_mag_phase.png, id=342, 805.50937pt x 388.45125pt>
File: images/raw_IS_data_mag_phase.png Graphic file (type png)
<use images/raw_IS_data_mag_phase.png>
Package pdftex.def Info: images/raw_IS_data_mag_phase.png  used on input line 3
41.
(pdftex.def)             Requested size: 416.83289pt x 201.01187pt.
<images/raw_IS_data_real_imag.png, id=343, 804.75656pt x 388.45125pt>
File: images/raw_IS_data_real_imag.png Graphic file (type png)
<use images/raw_IS_data_real_imag.png>
Package pdftex.def Info: images/raw_IS_data_real_imag.png  used on input line 3
48.
(pdftex.def)             Requested size: 416.83289pt x 201.20154pt.

LaTeX Warning: `h' float specifier changed to `ht'.

<images/IS_data_clean_mag_phase.png, id=344, 1047.915pt x 563.85657pt>
File: images/IS_data_clean_mag_phase.png Graphic file (type png)
<use images/IS_data_clean_mag_phase.png>
Package pdftex.def Info: images/IS_data_clean_mag_phase.png  used on input line
 366.
(pdftex.def)             Requested size: 416.83289pt x 224.28249pt.
<images/IS_data_clean_real_imag.png, id=345, 845.40843pt x 338.01282pt>
File: images/IS_data_clean_real_imag.png Graphic file (type png)
<use images/IS_data_clean_real_imag.png>
Package pdftex.def Info: images/IS_data_clean_real_imag.png  used on input line
 373.
(pdftex.def)             Requested size: 416.83289pt x 166.6541pt.

LaTeX Warning: `h' float specifier changed to `ht'.

<images/IS_data_beads-PBS_truncated_mag_phase.png, id=346, 892.83563pt x 400.49
625pt>
File: images/IS_data_beads-PBS_truncated_mag_phase.png Graphic file (type png)
<use images/IS_data_beads-PBS_truncated_mag_phase.png>
Package pdftex.def Info: images/IS_data_beads-PBS_truncated_mag_phase.png  used
 on input line 395.
(pdftex.def)             Requested size: 416.83289pt x 186.98048pt.
<images/IS_data_beads-PBS_truncated_real_imag.png, id=347, 892.08281pt x 398.23
781pt>
File: images/IS_data_beads-PBS_truncated_real_imag.png Graphic file (type png)
<use images/IS_data_beads-PBS_truncated_real_imag.png>
Package pdftex.def Info: images/IS_data_beads-PBS_truncated_real_imag.png  used
 on input line 402.
(pdftex.def)             Requested size: 416.83289pt x 186.078pt.

LaTeX Warning: `h' float specifier changed to `ht'.


Package Fancyhdr Warning: \headheight is too small (12.0pt): 
 Make it at least 14.49998pt.
 We now make it that large for the rest of the document.
 This may cause the page layout to be inconsistent, however.

[16]

Package Fancyhdr Warning: \headheight is too small (12.0pt): 
 Make it at least 14.49998pt.
 We now make it that large for the rest of the document.
 This may cause the page layout to be inconsistent, however.

[17 <./images/reproducibility_PBS_mag_phase.png (PNG copy)> <./images/reproduci
bility_PBS_real_imag.png (PNG copy)>]

Package Fancyhdr Warning: \headheight is too small (12.0pt): 
 Make it at least 14.49998pt.
 We now make it that large for the rest of the document.
 This may cause the page layout to be inconsistent, however.

[18 <./images/raw_IS_data_mag_phase.png (PNG copy)> <./images/raw_IS_data_real_
imag.png (PNG copy)>]

Package Fancyhdr Warning: \headheight is too small (12.0pt): 
 Make it at least 14.49998pt.
 We now make it that large for the rest of the document.
 This may cause the page layout to be inconsistent, however.

[19 <./images/IS_data_clean_mag_phase.png (PNG copy)> <./images/IS_data_clean_r
eal_imag.png (PNG copy)>]

Package Fancyhdr Warning: \headheight is too small (12.0pt): 
 Make it at least 14.49998pt.
 We now make it that large for the rest of the document.
 This may cause the page layout to be inconsistent, however.

[20 <./images/IS_data_beads-PBS_truncated_mag_phase.png (PNG copy)> <./images/I
S_data_beads-PBS_truncated_real_imag.png (PNG copy)>]

LaTeX Warning: Reference `sec:novelVolumeFraction' on page 21 undefined on inpu
t line 428.


LaTeX Warning: Reference `tab:fea_materials' on page 21 undefined on input line
 428.


LaTeX Warning: Reference `sec:maxwell_mixture_theory' on page 21 undefined on i
nput line 428.


LaTeX Warning: Reference `sec: FEA' on page 21 undefined on input line 428.

<images/IS_model_medium_mag_phase.png, id=369, 950.80219pt x 353.06906pt>
File: images/IS_model_medium_mag_phase.png Graphic file (type png)
<use images/IS_model_medium_mag_phase.png>
Package pdftex.def Info: images/IS_model_medium_mag_phase.png  used on input li
ne 436.
(pdftex.def)             Requested size: 416.83289pt x 154.78519pt.
<images/IS_model_medium_real_imag.png, id=370, 951.555pt x 355.3275pt>
File: images/IS_model_medium_real_imag.png Graphic file (type png)
<use images/IS_model_medium_real_imag.png>
Package pdftex.def Info: images/IS_model_medium_real_imag.png  used on input li
ne 443.
(pdftex.def)             Requested size: 416.83289pt x 155.65599pt.

Package Fancyhdr Warning: \headheight is too small (12.0pt): 
 Make it at least 14.49998pt.
 We now make it that large for the rest of the document.
 This may cause the page layout to be inconsistent, however.

[21

]
<images/IS_model_mag_phase.png, id=377, 986.9372pt x 387.69844pt>
File: images/IS_model_mag_phase.png Graphic file (type png)
<use images/IS_model_mag_phase.png>
Package pdftex.def Info: images/IS_model_mag_phase.png  used on input line 463.

(pdftex.def)             Requested size: 416.83289pt x 163.74326pt.
<images/IS_model_real_imag.png, id=378, 986.9372pt x 386.94562pt>
File: images/IS_model_real_imag.png Graphic file (type png)
<use images/IS_model_real_imag.png>
Package pdftex.def Info: images/IS_model_real_imag.png  used on input line 470.

(pdftex.def)             Requested size: 416.83289pt x 163.42531pt.


Package Fancyhdr Warning: \headheight is too small (12.0pt): 
 Make it at least 14.49998pt.
 We now make it that large for the rest of the document.
 This may cause the page layout to be inconsistent, however.

[22 <./images/IS_model_medium_mag_phase.png (PNG copy)> <./images/IS_model_medi
um_real_imag.png (PNG copy)>]
<images/IS_model_difference_mag_phase_CM_overlay.png, id=384, 995.21812pt x 443
.40656pt>
File: images/IS_model_difference_mag_phase_CM_overlay.png Graphic file (type pn
g)
<use images/IS_model_difference_mag_phase_CM_overlay.png>
Package pdftex.def Info: images/IS_model_difference_mag_phase_CM_overlay.png  u
sed on input line 516.
(pdftex.def)             Requested size: 416.83289pt x 185.71527pt.
<images/IS_model_real_imag_difference_CM_overlay.png, id=385, 993.7125pt x 444.
15938pt>
File: images/IS_model_real_imag_difference_CM_overlay.png Graphic file (type pn
g)
<use images/IS_model_real_imag_difference_CM_overlay.png>
Package pdftex.def Info: images/IS_model_real_imag_difference_CM_overlay.png  u
sed on input line 523.
(pdftex.def)             Requested size: 416.83289pt x 186.31523pt.


LaTeX Warning: `h' float specifier changed to `ht'.

<images/simple_cell_DC.png, id=386, 740.7675pt x 170.13562pt>
File: images/simple_cell_DC.png Graphic file (type png)
<use images/simple_cell_DC.png>
Package pdftex.def Info: images/simple_cell_DC.png  used on input line 537.
(pdftex.def)             Requested size: 416.83289pt x 95.73738pt.
<images/simple_cell_1Mhz.png, id=387, 748.29562pt x 164.11313pt>
File: images/simple_cell_1Mhz.png Graphic file (type png)
<use images/simple_cell_1Mhz.png>
Package pdftex.def Info: images/simple_cell_1Mhz.png  used on input line 544.
(pdftex.def)             Requested size: 416.83289pt x 91.4194pt.
<images/simple_cell_10Mhz.png, id=388, 751.30687pt x 167.87718pt>
File: images/simple_cell_10Mhz.png Graphic file (type png)
<use images/simple_cell_10Mhz.png>
Package pdftex.def Info: images/simple_cell_10Mhz.png  used on input line 551.
(pdftex.def)             Requested size: 416.83289pt x 93.1422pt.
<images/simple_cell_1Ghz.png, id=389, 748.29562pt x 166.37157pt>
File: images/simple_cell_1Ghz.png Graphic file (type png)
<use images/simple_cell_1Ghz.png>
Package pdftex.def Info: images/simple_cell_1Ghz.png  used on input line 558.
(pdftex.def)             Requested size: 416.83289pt x 92.67747pt.
<images/simpleCellColorMapAxis.png, id=390, 679.03688pt x 38.39343pt>
File: images/simpleCellColorMapAxis.png Graphic file (type png)
<use images/simpleCellColorMapAxis.png>
Package pdftex.def Info: images/simpleCellColorMapAxis.png  used on input line 
565.
(pdftex.def)             Requested size: 416.83289pt x 23.56816pt.

LaTeX Warning: `h' float specifier changed to `ht'.

<images/deviceCellCurrent1Hz.png, id=391, 386.94562pt x 368.87813pt>
File: images/deviceCellCurrent1Hz.png Graphic file (type png)
<use images/deviceCellCurrent1Hz.png>
Package pdftex.def Info: images/deviceCellCurrent1Hz.png  used on input line 57
4.
(pdftex.def)             Requested size: 291.78174pt x 278.16074pt.

LaTeX Warning: `h' float specifier changed to `ht'.


Package Fancyhdr Warning: \headheight is too small (12.0pt): 
 Make it at least 14.49998pt.
 We now make it that large for the rest of the document.
 This may cause the page layout to be inconsistent, however.

[23 <./images/IS_model_mag_phase.png (PNG copy)> <./images/IS_model_real_imag.p
ng (PNG copy)>]

Package Fancyhdr Warning: \headheight is too small (12.0pt): 
 Make it at least 14.49998pt.
 We now make it that large for the rest of the document.
 This may cause the page layout to be inconsistent, however.

[24 <./images/IS_model_difference_mag_phase_CM_overlay.png (PNG copy)> <./image
s/IS_model_real_imag_difference_CM_overlay.png (PNG copy)>]

Package Fancyhdr Warning: \headheight is too small (12.0pt): 
 Make it at least 14.49998pt.
 We now make it that large for the rest of the document.
 This may cause the page layout to be inconsistent, however.

[25 <./images/simple_cell_DC.png> <./images/simple_cell_1Mhz.png> <./images/sim
ple_cell_10Mhz.png> <./images/simple_cell_1Ghz.png> <./images/simpleCellColorMa
pAxis.png>]

Package Fancyhdr Warning: \headheight is too small (12.0pt): 
 Make it at least 14.49998pt.
 We now make it that large for the rest of the document.
 This may cause the page layout to be inconsistent, however.

[26 <./images/deviceCellCurrent1Hz.png>]

LaTeX Warning: Reference `fig:FCM at different mediums ' on page 27 undefined o
n input line 585.


LaTeX Warning: Reference `fig: maxwell-wagner relaxation' on page 27 undefined 
on input line 585.

<images/comsol_simple_difference.png, id=416, 721.19438pt x 582.67688pt>
File: images/comsol_simple_difference.png Graphic file (type png)
<use images/comsol_simple_difference.png>
Package pdftex.def Info: images/comsol_simple_difference.png  used on input lin
e 599.
(pdftex.def)             Requested size: 204.2504pt x 165.0155pt.
<images/comsol_simple_sensitivity_surface.png, id=417, 721.19438pt x 582.67688p
t>
File: images/comsol_simple_sensitivity_surface.png Graphic file (type png)
<use images/comsol_simple_sensitivity_surface.png>
Package pdftex.def Info: images/comsol_simple_sensitivity_surface.png  used on 
input line 605.
(pdftex.def)             Requested size: 204.2504pt x 165.0155pt.
<images/comsol_simple_gapXsensitivity.png, id=418, 612.03656pt x 481.8pt>
File: images/comsol_simple_gapXsensitivity.png Graphic file (type png)
<use images/comsol_simple_gapXsensitivity.png>
Package pdftex.def Info: images/comsol_simple_gapXsensitivity.png  used on inpu
t line 612.
(pdftex.def)             Requested size: 204.2504pt x 160.78828pt.
<images/comsol_simple_widthXsensitivity.png, id=419, 613.54219pt x 483.30562pt>

File: images/comsol_simple_widthXsensitivity.png Graphic file (type png)
<use images/comsol_simple_widthXsensitivity.png>
Package pdftex.def Info: images/comsol_simple_widthXsensitivity.png  used on in
put line 621.
(pdftex.def)             Requested size: 204.2504pt x 160.89253pt.

LaTeX Warning: Reference `eqn:Sun_sensitivity' on page 27 undefined on input li
ne 624.


LaTeX Warning: Reference `sec: FEA' on page 27 undefined on input line 624.


LaTeX Warning: Reference `eqn:Sun_sensitivity' on page 27 undefined on input li
ne 624.


LaTeX Warning: Reference `sec: FEA' on page 27 undefined on input line 624.


LaTeX Warning: `h' float specifier changed to `ht'.


Package Fancyhdr Warning: \headheight is too small (12.0pt): 
 Make it at least 14.49998pt.
 We now make it that large for the rest of the document.
 This may cause the page layout to be inconsistent, however.

[27

]

Package Fancyhdr Warning: \headheight is too small (12.0pt): 
 Make it at least 14.49998pt.
 We now make it that large for the rest of the document.
 This may cause the page layout to be inconsistent, however.

[28 <./images/comsol_simple_difference.png (PNG copy)> <./images/comsol_simple_
sensitivity_surface.png (PNG copy)> <./images/comsol_simple_gapXsensitivity.png
 (PNG copy)> <./images/comsol_simple_widthXsensitivity.png (PNG copy)>]
<images/comsol_device_surface_difference.png, id=429, 721.19438pt x 582.67688pt
>
File: images/comsol_device_surface_difference.png Graphic file (type png)
<use images/comsol_device_surface_difference.png>
Package pdftex.def Info: images/comsol_device_surface_difference.png  used on i
nput line 641.
(pdftex.def)             Requested size: 204.2504pt x 165.0155pt.
<images/comsol_device_surface_sensitivity.png, id=430, 721.19438pt x 582.67688p
t>
File: images/comsol_device_surface_sensitivity.png Graphic file (type png)
<use images/comsol_device_surface_sensitivity.png>
Package pdftex.def Info: images/comsol_device_surface_sensitivity.png  used on 
input line 647.
(pdftex.def)             Requested size: 204.2504pt x 165.0155pt.
<images/comsol_device_gapXsensitivity.png, id=431, 622.57594pt x 503.63156pt>
File: images/comsol_device_gapXsensitivity.png Graphic file (type png)
<use images/comsol_device_gapXsensitivity.png>
Package pdftex.def Info: images/comsol_device_gapXsensitivity.png  used on inpu
t line 654.
(pdftex.def)             Requested size: 204.2504pt x 165.23064pt.
<images/comsol_device_widthXsensitivity.png, id=432, 624.08156pt x 502.12593pt>

File: images/comsol_device_widthXsensitivity.png Graphic file (type png)
<use images/comsol_device_widthXsensitivity.png>
Package pdftex.def Info: images/comsol_device_widthXsensitivity.png  used on in
put line 660.
(pdftex.def)             Requested size: 204.2504pt x 164.3306pt.


LaTeX Warning: `h' float specifier changed to `ht'.

<images/comsol_device_gapXsensitivity_aveError.png, id=434, 623.32875pt x 502.1
2593pt>
File: images/comsol_device_gapXsensitivity_aveError.png Graphic file (type png)

<use images/comsol_device_gapXsensitivity_aveError.png>
Package pdftex.def Info: images/comsol_device_gapXsensitivity_aveError.png  use
d on input line 673.
(pdftex.def)             Requested size: 204.2504pt x 164.53748pt.
<images/comsol_device_widthXsensitivity_aveError.png, id=435, 658.71094pt x 520
.19344pt>
File: images/comsol_device_widthXsensitivity_aveError.png Graphic file (type pn
g)
<use images/comsol_device_widthXsensitivity_aveError.png>
Package pdftex.def Info: images/comsol_device_widthXsensitivity_aveError.png  u
sed on input line 679.
(pdftex.def)             Requested size: 204.2504pt x 161.29797pt.

LaTeX Warning: `h' float specifier changed to `ht'.


Package Fancyhdr Warning: \headheight is too small (12.0pt): 
 Make it at least 14.49998pt.
 We now make it that large for the rest of the document.
 This may cause the page layout to be inconsistent, however.

[29]

Package Fancyhdr Warning: \headheight is too small (12.0pt): 
 Make it at least 14.49998pt.
 We now make it that large for the rest of the document.
 This may cause the page layout to be inconsistent, however.

[30 <./images/comsol_device_surface_difference.png (PNG copy)> <./images/comsol
_device_surface_sensitivity.png (PNG copy)> <./images/comsol_device_gapXsensiti
vity.png (PNG copy)> <./images/comsol_device_widthXsensitivity.png (PNG copy)>]
<images/analytic_difference.png, id=444, 646.66594pt x 491.58656pt>
File: images/analytic_difference.png Graphic file (type png)
<use images/analytic_difference.png>
Package pdftex.def Info: images/analytic_difference.png  used on input line 714
.
(pdftex.def)             Requested size: 204.2504pt x 155.26314pt.
<images/analytic_sun_surface.png, id=445, 688.82344pt x 517.18219pt>
File: images/analytic_sun_surface.png Graphic file (type png)
<use images/analytic_sun_surface.png>
Package pdftex.def Info: images/analytic_sun_surface.png  used on input line 72
0.
(pdftex.def)             Requested size: 204.2504pt x 153.35657pt.
<images/analytic_sun_gapXsensitivity.png, id=446, 645.91313pt x 476.53032pt>
File: images/analytic_sun_gapXsensitivity.png Graphic file (type png)
<use images/analytic_sun_gapXsensitivity.png>
Package pdftex.def Info: images/analytic_sun_gapXsensitivity.png  used on input
 line 727.
(pdftex.def)             Requested size: 204.2504pt x 150.68227pt.
<images/analytic_sun_widthXsensitivity.png, id=447, 645.16031pt x 475.02469pt>
File: images/analytic_sun_widthXsensitivity.png Graphic file (type png)
<use images/analytic_sun_widthXsensitivity.png>
Package pdftex.def Info: images/analytic_sun_widthXsensitivity.png  used on inp
ut line 733.
(pdftex.def)             Requested size: 204.2504pt x 150.38737pt.

LaTeX Warning: `h' float specifier changed to `ht'.

<images/analytic_sun_difference_expanded.png, id=448, 619.56468pt x 454.69875pt
>
File: images/analytic_sun_difference_expanded.png Graphic file (type png)
<use images/analytic_sun_difference_expanded.png>
Package pdftex.def Info: images/analytic_sun_difference_expanded.png  used on i
nput line 744.
(pdftex.def)             Requested size: 204.2504pt x 149.8984pt.
<images/analytic_sun_surface_expanded.png, id=449, 620.3175pt x 454.69875pt>
File: images/analytic_sun_surface_expanded.png Graphic file (type png)
<use images/analytic_sun_surface_expanded.png>
Package pdftex.def Info: images/analytic_sun_surface_expanded.png  used on inpu
t line 750.
(pdftex.def)             Requested size: 204.2504pt x 149.71802pt.
<images/analytic_sun_gapXsensitivity_extended.png, id=450, 721.19438pt x 582.67
688pt>
File: images/analytic_sun_gapXsensitivity_extended.png Graphic file (type png)
<use images/analytic_sun_gapXsensitivity_extended.png>
Package pdftex.def Info: images/analytic_sun_gapXsensitivity_extended.png  used
 on input line 757.
(pdftex.def)             Requested size: 204.2504pt x 165.0155pt.
<images/analytic_sun_widthXsensitivity_extended.png, id=451, 719.68875pt x 616.
55344pt>
File: images/analytic_sun_widthXsensitivity_extended.png Graphic file (type png
)
<use images/analytic_sun_widthXsensitivity_extended.png>
Package pdftex.def Info: images/analytic_sun_widthXsensitivity_extended.png  us
ed on input line 763.
(pdftex.def)             Requested size: 204.2504pt x 174.97633pt.

LaTeX Warning: `h' float specifier changed to `ht'.

<images/analytic_power_surface.png, id=452, 645.91313pt x 490.08093pt>
File: images/analytic_power_surface.png Graphic file (type png)
<use images/analytic_power_surface.png>
Package pdftex.def Info: images/analytic_power_surface.png  used on input line 
774.
(pdftex.def)             Requested size: 204.2504pt x 154.96707pt.
<images/analytic_gapXpower.png, id=453, 444.91219pt x 346.29375pt>
File: images/analytic_gapXpower.png Graphic file (type png)
<use images/analytic_gapXpower.png>
Package pdftex.def Info: images/analytic_gapXpower.png  used on input line 780.

(pdftex.def)             Requested size: 204.2504pt x 158.97472pt.
<images/analytic_widthXpowerByHeight.png, id=454, 421.575pt x 316.18124pt>
File: images/analytic_widthXpowerByHeight.png Graphic file (type png)
<use images/analytic_widthXpowerByHeight.png>
Package pdftex.def Info: images/analytic_widthXpowerByHeight.png  used on input
 line 787.
(pdftex.def)             Requested size: 204.2504pt x 153.1885pt.
<images/analytic_heightXpowerByGap.png, id=455, 469.00218pt x 368.87813pt>
File: images/analytic_heightXpowerByGap.png Graphic file (type png)
<use images/analytic_heightXpowerByGap.png>
Package pdftex.def Info: images/analytic_heightXpowerByGap.png  used on input l
ine 793.
(pdftex.def)             Requested size: 204.2504pt x 160.64642pt.

LaTeX Warning: `h' float specifier changed to `ht'.

<images/analytic_vertical_power.png, id=456, 481.04718pt x 356.83313pt>
File: images/analytic_vertical_power.png Graphic file (type png)
<use images/analytic_vertical_power.png>
Package pdftex.def Info: images/analytic_vertical_power.png  used on input line
 805.
(pdftex.def)             Requested size: 204.2504pt x 151.51321pt.
<images/analytic_horizontal_power.png, id=457, 661.72218pt x 478.03593pt>
File: images/analytic_horizontal_power.png Graphic file (type png)
<use images/analytic_horizontal_power.png>
Package pdftex.def Info: images/analytic_horizontal_power.png  used on input li
ne 811.
(pdftex.def)             Requested size: 204.2504pt x 147.54771pt.
<images/analytic_vertical_power_width20.png, id=458, 421.575pt x 316.18124pt>
File: images/analytic_vertical_power_width20.png Graphic file (type png)
<use images/analytic_vertical_power_width20.png>
Package pdftex.def Info: images/analytic_vertical_power_width20.png  used on in
put line 818.
(pdftex.def)             Requested size: 204.2504pt x 153.1885pt.
<images/analytic_horizontal_power_20width.png, id=459, 552.56438pt x 376.40625p
t>
File: images/analytic_horizontal_power_20width.png Graphic file (type png)
<use images/analytic_horizontal_power_20width.png>
Package pdftex.def Info: images/analytic_horizontal_power_20width.png  used on 
input line 824.
(pdftex.def)             Requested size: 204.2504pt x 139.13028pt.

LaTeX Warning: `h' float specifier changed to `ht'.

)

LaTeX Warning: Empty bibliography on input line 105.

(chapters/SCM.tex

Package Fancyhdr Warning: \headheight is too small (12.0pt): 
 Make it at least 14.49998pt.
 We now make it that large for the rest of the document.
 This may cause the page layout to be inconsistent, however.

[31 <./images/comsol_device_gapXsensitivity_aveError.png (PNG copy)> <./images/
comsol_device_widthXsensitivity_aveError.png (PNG copy)>]

Package Fancyhdr Warning: \headheight is too small (12.0pt): 
 Make it at least 14.49998pt.
 We now make it that large for the rest of the document.
 This may cause the page layout to be inconsistent, however.

[32 <./images/analytic_difference.png (PNG copy)> <./images/analytic_sun_surfac
e.png (PNG copy)> <./images/analytic_sun_gapXsensitivity.png (PNG copy)> <./ima
ges/analytic_sun_widthXsensitivity.png (PNG copy)>]

Package Fancyhdr Warning: \headheight is too small (12.0pt): 
 Make it at least 14.49998pt.
 We now make it that large for the rest of the document.
 This may cause the page layout to be inconsistent, however.

[33 <./images/analytic_sun_difference_expanded.png (PNG copy)> <./images/analyt
ic_sun_surface_expanded.png (PNG copy)> <./images/analytic_sun_gapXsensitivity_
extended.png (PNG copy)> <./images/analytic_sun_widthXsensitivity_extended.png 
(PNG copy)>]

Package Fancyhdr Warning: \headheight is too small (12.0pt): 
 Make it at least 14.49998pt.
 We now make it that large for the rest of the document.
 This may cause the page layout to be inconsistent, however.

[34 <./images/analytic_power_surface.png (PNG copy)> <./images/analytic_gapXpow
er.png (PNG copy)> <./images/analytic_widthXpowerByHeight.png (PNG copy)> <./im
ages/analytic_heightXpowerByGap.png (PNG copy)>]

Package Fancyhdr Warning: \headheight is too small (12.0pt): 
 Make it at least 14.49998pt.
 We now make it that large for the rest of the document.
 This may cause the page layout to be inconsistent, however.

[35 <./images/analytic_vertical_power.png (PNG copy)> <./images/analytic_horizo
ntal_power.png (PNG copy)> <./images/analytic_vertical_power_width20.png (PNG c
opy)> <./images/analytic_horizontal_power_20width.png (PNG copy)>]
Appendix A.
) (chapters/AnalyticImpedanceSolutionMATLABCode.tex [36

]
Appendix B.
) (chapters/SpiceModels.tex [37

]
Appendix C.
)
Package atveryend Info: Empty hook `BeforeClearDocument' on input line 113.
 [38

]
Package atveryend Info: Empty hook `AfterLastShipout' on input line 113.
 (main.aux)
Package atveryend Info: Executing hook `AtVeryEndDocument' on input line 113.
Package atveryend Info: Executing hook `AtEndAfterFileList' on input line 113.
Package rerunfilecheck Info: File `main.out' has not changed.
(rerunfilecheck)             Checksum: 3515171C2B98C4525039A184AAFC1591;1470.


LaTeX Warning: There were undefined references.


LaTeX Warning: There were multiply-defined labels.


Package biblatex Warning: Please (re)run Biber on the file:
(biblatex)                main
(biblatex)                and rerun LaTeX afterwards.

Package logreq Info: Writing requests to 'main.run.xml'.
\openout1 = `main.run.xml'.

Package atveryend Info: Empty hook `AtVeryVeryEnd' on input line 113.
 ) 
Here is how much of TeX's memory you used:
 27906 strings out of 492946
 530753 string characters out of 3126266
 930341 words of memory out of 3000000
 31358 multiletter control sequences out of 15000+200000
 557877 words of font info for 75 fonts, out of 3000000 for 9000
 1141 hyphenation exceptions out of 8191
 40i,11n,63p,1477b,753s stack positions out of 5000i,500n,10000p,200000b,50000s
{C:/Users/David/AppData/Local/Programs/MiKTeX 2.9/fonts/enc/dvips/base/8r.enc
} <C:\Users\David\AppData\Local\MiKTeX\2.9\fonts/pk/ljfour/jknappen/ec/dpi600\e
crm1200.pk><C:/Users/David/AppData/Local/Programs/MiKTeX 2.9/fonts/type1/public
/amsfonts/cm/cmex10.pfb><C:/Users/David/AppData/Local/Programs/MiKTeX 2.9/fonts
/type1/public/amsfonts/cm/cmmi10.pfb><C:/Users/David/AppData/Local/Programs/MiK
TeX 2.9/fonts/type1/public/amsfonts/cm/cmmi12.pfb><C:/Users/David/AppData/Local
/Programs/MiKTeX 2.9/fonts/type1/public/amsfonts/cm/cmmi8.pfb><C:/Users/David/A
ppData/Local/Programs/MiKTeX 2.9/fonts/type1/public/amsfonts/cm/cmr10.pfb><C:/U
sers/David/AppData/Local/Programs/MiKTeX 2.9/fonts/type1/public/amsfonts/cm/cmr
12.pfb><C:/Users/David/AppData/Local/Programs/MiKTeX 2.9/fonts/type1/public/ams
fonts/cm/cmr8.pfb><C:/Users/David/AppData/Local/Programs/MiKTeX 2.9/fonts/type1
/public/amsfonts/cm/cmsy10.pfb><C:/Users/David/AppData/Local/Programs/MiKTeX 2.
9/fonts/type1/public/amsfonts/cm/cmsy8.pfb><C:/Users/David/AppData/Local/Progra
ms/MiKTeX 2.9/fonts/type1/urw/helvetic/uhvb8a.pfb><C:/Users/David/AppData/Local
/Programs/MiKTeX 2.9/fonts/type1/urw/helvetic/uhvbo8a.pfb><C:/Users/David/AppDa
ta/Local/Programs/MiKTeX 2.9/fonts/type1/urw/helvetic/uhvr8a.pfb><C:/Users/Davi
d/AppData/Local/Programs/MiKTeX 2.9/fonts/type1/urw/helvetic/uhvro8a.pfb>
Output written on main.pdf (42 pages, 24545511 bytes).
PDF statistics:
 578 PDF objects out of 1000 (max. 8388607)
 104 named destinations out of 1000 (max. 500000)
 506 words of extra memory for PDF output out of 10000 (max. 10000000)

