\BOOKMARK [0][-]{chapter.1}{Results}{}% 1
\BOOKMARK [1][-]{section.1.1}{Device Frabrication}{chapter.1}% 2
\BOOKMARK [2][-]{subsection.1.1.1}{PDMS channels}{section.1.1}% 3
\BOOKMARK [2][-]{subsection.1.1.2}{Electrode Fabrication}{section.1.1}% 4
\BOOKMARK [2][-]{subsection.1.1.3}{Device Bonding}{section.1.1}% 5
\BOOKMARK [1][-]{section.1.2}{Impedance Spectroscopy System}{chapter.1}% 6
\BOOKMARK [2][-]{subsection.1.2.1}{Microfluidic Evaluation}{section.1.2}% 7
\BOOKMARK [2][-]{subsection.1.2.2}{Impedance Spectroscopy System Validation}{section.1.2}% 8
\BOOKMARK [2][-]{subsection.1.2.3}{Impedance Spectroscopy Reproducibility}{section.1.2}% 9
\BOOKMARK [2][-]{subsection.1.2.4}{Impedance Spectroscopy Performance}{section.1.2}% 10
\BOOKMARK [2][-]{subsection.1.2.5}{Corrected Impedance Spectra}{section.1.2}% 11
\BOOKMARK [1][-]{section.1.3}{Modeling}{chapter.1}% 12
\BOOKMARK [2][-]{subsection.1.3.1}{Impedance Spectroscopy Results}{section.1.3}% 13
\BOOKMARK [2][-]{subsection.1.3.2}{Solution Optimization}{section.1.3}% 14
\BOOKMARK [2][-]{subsection.1.3.3}{Device Optimization}{section.1.3}% 15
\BOOKMARK [2][-]{subsection.1.3.4}{Analytic Solution Sensitivity Curves}{section.1.3}% 16
\BOOKMARK [0][-]{section*.35}{Bibliography}{}% 17
\BOOKMARK [0][-]{appendix.A}{Co-planar Electrodes to Ideal Parallel Plate Mapping}{}% 18
\BOOKMARK [0][-]{appendix.B}{Analytic Impedance MATLAB Code}{}% 19
\BOOKMARK [0][-]{appendix.C}{Spice Models}{}% 20
